<?xml version="1.0" encoding="UTF-8"?>
<robot generator="Robot 6.1 (Python 3.11.4 on win32)" generated="20230801 21:43:01.040" rpa="false" schemaversion="4">
<suite id="s1" name="Test" source="C:\Users\nhats\OneDrive\Desktop\ARI\vite-react-ari\test\testcases\test.robot">
<test id="s1-t1" name="EDU-18 Verify that error message display when edit user with team has been deleted &amp; &quot;Lưu lại&quot; button" line="8">
<kw name="Setup" library="common" type="SETUP">
<kw name="Set Browser Timeout" library="Browser">
<arg>${BROWSER_TIMEOUT}</arg>
<tag>Config</tag>
<tag>Setter</tag>
<doc>Sets the timeout used by most input and getter keywords.</doc>
<status status="PASS" starttime="20230801 21:43:05.463" endtime="20230801 21:43:05.487"/>
</kw>
<kw name="New Browser" library="Browser">
<arg>${BROWSER}</arg>
<arg>headless=${HEADLESS}</arg>
<tag>BrowserControl</tag>
<tag>Setter</tag>
<doc>Create a new playwright Browser with specified options.</doc>
<msg timestamp="20230801 21:43:05.489" level="INFO">{"browser": "chromium", "headless": false, "devtools": false, "handleSIGHUP": true, "handleSIGINT": true, "handleSIGTERM": true, "slowMo": 0.0, "timeout": 30000.0, "deprecated_pos_args": [], "tracesDir": "C:\\Users\\nhats\\OneDrive\\Desktop\\ARI\\vite-react-ari\\test\\browser\\traces\\56a3981f-7fa2-4f81-a0ed-3f7dbf3e700b"}</msg>
<msg timestamp="20230801 21:43:07.140" level="INFO">Successfully created browser with options: {"browser":"chromium","headless":false,"devtools":false,"handleSIGHUP":true,"handleSIGINT":true,"handleSIGTERM":true,"slowMo":0,"timeout":30000,"deprecated_pos_args":[],"tracesDir":"C:\\Users\\nhats\\OneDrive\\Desktop\\ARI\\vite-react-ari\\test\\browser\\traces\\56a3981f-7fa2-4f81-a0ed-3f7dbf3e700b"}</msg>
<status status="PASS" starttime="20230801 21:43:05.488" endtime="20230801 21:43:07.140"/>
</kw>
<kw name="New Page" library="Browser">
<arg>${URL_DEFAULT}</arg>
<tag>BrowserControl</tag>
<tag>Setter</tag>
<doc>Open a new Page.</doc>
<msg timestamp="20230801 21:43:09.243" level="INFO">Successfully initialized new page object and opened url: http://v2.ari.com.vn/</msg>
<msg timestamp="20230801 21:43:09.243" level="INFO">No context was open. New context was automatically opened when this page is created.</msg>
<status status="PASS" starttime="20230801 21:43:07.140" endtime="20230801 21:43:09.243"/>
</kw>
<kw name="Evaluate" library="BuiltIn">
<var>${STATE}</var>
<arg>json.loads('''{}''')</arg>
<arg>json</arg>
<doc>Evaluates the given expression in Python and returns the result.</doc>
<msg timestamp="20230801 21:43:09.245" level="INFO">${STATE} = {}</msg>
<status status="PASS" starttime="20230801 21:43:09.245" endtime="20230801 21:43:09.245"/>
</kw>
<status status="PASS" starttime="20230801 21:43:05.463" endtime="20230801 21:43:09.245"/>
</kw>
<kw name="Go to page edit user with the &quot;Manager&quot; role" library="common" sourcename="Go to page ${name} user with the &quot;${role}&quot; role">
<kw name="Login to admin" library="common">
<kw name="Enter &quot;email&quot; in &quot;Tên đăng nhập&quot; with &quot;hovannhat@admin.com&quot;" library="common" sourcename="Enter &quot;${type}&quot; in &quot;${name}&quot; with &quot;${text}&quot;">
<kw name="Get Random Text" library="common">
<var>${text}</var>
<arg>${type}</arg>
<arg>${text}</arg>
<kw name="Set Variable" library="BuiltIn">
<var>${symbol}</var>
<arg>_RANDOM_</arg>
<doc>Returns the given values which can then be assigned to a variables.</doc>
<msg timestamp="20230801 21:43:09.245" level="INFO">${symbol} = _RANDOM_</msg>
<status status="PASS" starttime="20230801 21:43:09.245" endtime="20230801 21:43:09.245"/>
</kw>
<kw name="Set Variable" library="BuiltIn">
<var>${new_text}</var>
<doc>Returns the given values which can then be assigned to a variables.</doc>
<msg timestamp="20230801 21:43:09.245" level="INFO">${new_text} = </msg>
<status status="PASS" starttime="20230801 21:43:09.245" endtime="20230801 21:43:09.245"/>
</kw>
<kw name="Get Regexp Matches" library="String">
<var>${containsS}</var>
<arg>${text}</arg>
<arg>_@(.+)@_</arg>
<arg>1</arg>
<doc>Returns a list of all non-overlapping matches in the given string.</doc>
<msg timestamp="20230801 21:43:09.245" level="INFO">${containsS} = []</msg>
<status status="PASS" starttime="20230801 21:43:09.245" endtime="20230801 21:43:09.245"/>
</kw>
<kw name="Get Length" library="BuiltIn">
<var>${cntS}</var>
<arg>${containsS}</arg>
<doc>Returns and logs the length of the given item as an integer.</doc>
<msg timestamp="20230801 21:43:09.259" level="INFO">Length is 0</msg>
<msg timestamp="20230801 21:43:09.260" level="INFO">${cntS} = 0</msg>
<status status="PASS" starttime="20230801 21:43:09.245" endtime="20230801 21:43:09.260"/>
</kw>
<kw name="Get Regexp Matches" library="String">
<var>${contains}</var>
<arg>${text}</arg>
<arg>${symbol}</arg>
<doc>Returns a list of all non-overlapping matches in the given string.</doc>
<msg timestamp="20230801 21:43:09.262" level="INFO">${contains} = []</msg>
<status status="PASS" starttime="20230801 21:43:09.261" endtime="20230801 21:43:09.262"/>
</kw>
<kw name="Get Length" library="BuiltIn">
<var>${cnt}</var>
<arg>${contains}</arg>
<doc>Returns and logs the length of the given item as an integer.</doc>
<msg timestamp="20230801 21:43:09.263" level="INFO">Length is 0</msg>
<msg timestamp="20230801 21:43:09.264" level="INFO">${cnt} = 0</msg>
<status status="PASS" starttime="20230801 21:43:09.263" endtime="20230801 21:43:09.264"/>
</kw>
<if>
<branch type="IF" condition="${cntS} &gt; 0">
<kw name="Set Variable" library="BuiltIn">
<var>${new_text}</var>
<arg>${STATE["${containsS[0]}"]}</arg>
<doc>Returns the given values which can then be assigned to a variables.</doc>
<status status="NOT RUN" starttime="20230801 21:43:09.266" endtime="20230801 21:43:09.266"/>
</kw>
<kw name="Set Variable" library="BuiltIn">
<var>${symbol}</var>
<arg>_@${containsS[0]}@_</arg>
<doc>Returns the given values which can then be assigned to a variables.</doc>
<status status="NOT RUN" starttime="20230801 21:43:09.267" endtime="20230801 21:43:09.267"/>
</kw>
<status status="NOT RUN" starttime="20230801 21:43:09.265" endtime="20230801 21:43:09.267"/>
</branch>
<branch type="ELSE IF" condition="${cnt} &gt; 0 and '${type}' == 'test name'">
<kw name="Sentence" library="FakerLibrary">
<var>${random}</var>
<arg>nb_words=3</arg>
<doc>Generate a sentence.</doc>
<status status="NOT RUN" starttime="20230801 21:43:09.269" endtime="20230801 21:43:09.269"/>
</kw>
<kw name="Split String" library="String">
<var>${words}</var>
<arg>${TEST NAME}</arg>
<arg>${SPACE}</arg>
<doc>Splits the ``string`` using ``separator`` as a delimiter string.</doc>
<status status="NOT RUN" starttime="20230801 21:43:09.270" endtime="20230801 21:43:09.270"/>
</kw>
<kw name="Set Variable" library="BuiltIn">
<var>${new_text}</var>
<arg>${words[0]} ${random}</arg>
<doc>Returns the given values which can then be assigned to a variables.</doc>
<status status="NOT RUN" starttime="20230801 21:43:09.271" endtime="20230801 21:43:09.271"/>
</kw>
<status status="NOT RUN" starttime="20230801 21:43:09.268" endtime="20230801 21:43:09.271"/>
</branch>
<branch type="ELSE IF" condition="${cnt} &gt; 0 and '${type}' == 'number'">
<kw name="Random Int" library="FakerLibrary">
<var>${new_text}</var>
<arg>min=1000000000000</arg>
<arg>max=9999999999999</arg>
<doc>Generate a random integer between two integers ``min`` and ``max`` inclusive
while observing the provided ``step`` value.</doc>
<status status="NOT RUN" starttime="20230801 21:43:09.272" endtime="20230801 21:43:09.273"/>
</kw>
<kw name="Convert To String" library="BuiltIn">
<var>${new_text}</var>
<arg>${new_text}</arg>
<doc>Converts the given item to a Unicode string.</doc>
<status status="NOT RUN" starttime="20230801 21:43:09.273" endtime="20230801 21:43:09.274"/>
</kw>
<status status="NOT RUN" starttime="20230801 21:43:09.272" endtime="20230801 21:43:09.274"/>
</branch>
<branch type="ELSE IF" condition="${cnt} &gt; 0 and '${type}' == 'order number'">
<kw name="Random Int" library="FakerLibrary">
<var>${new_text}</var>
<arg>min=0</arg>
<arg>max=999999999</arg>
<doc>Generate a random integer between two integers ``min`` and ``max`` inclusive
while observing the provided ``step`` value.</doc>
<status status="NOT RUN" starttime="20230801 21:43:09.276" endtime="20230801 21:43:09.277"/>
</kw>
<kw name="Convert To String" library="BuiltIn">
<var>${new_text}</var>
<arg>${new_text}</arg>
<doc>Converts the given item to a Unicode string.</doc>
<status status="NOT RUN" starttime="20230801 21:43:09.282" endtime="20230801 21:43:09.282"/>
</kw>
<status status="NOT RUN" starttime="20230801 21:43:09.275" endtime="20230801 21:43:09.283"/>
</branch>
<branch type="ELSE IF" condition="${cnt} &gt; 0 and '${type}' == 'leave date valid'">
<kw name="Random Int" library="FakerLibrary">
<var>${new_text}</var>
<arg>min=0</arg>
<arg>max=16</arg>
<doc>Generate a random integer between two integers ``min`` and ``max`` inclusive
while observing the provided ``step`` value.</doc>
<status status="NOT RUN" starttime="20230801 21:43:09.284" endtime="20230801 21:43:09.285"/>
</kw>
<kw name="Convert To String" library="BuiltIn">
<var>${new_text}</var>
<arg>${new_text}</arg>
<doc>Converts the given item to a Unicode string.</doc>
<status status="NOT RUN" starttime="20230801 21:43:09.285" endtime="20230801 21:43:09.285"/>
</kw>
<status status="NOT RUN" starttime="20230801 21:43:09.283" endtime="20230801 21:43:09.286"/>
</branch>
<branch type="ELSE IF" condition="${cnt} &gt; 0 and '${type}' == 'leave date invalid'">
<kw name="Random Int" library="FakerLibrary">
<var>${new_text}</var>
<arg>min=17</arg>
<arg>max=99</arg>
<doc>Generate a random integer between two integers ``min`` and ``max`` inclusive
while observing the provided ``step`` value.</doc>
<status status="NOT RUN" starttime="20230801 21:43:09.287" endtime="20230801 21:43:09.288"/>
</kw>
<kw name="Convert To String" library="BuiltIn">
<var>${new_text}</var>
<arg>${new_text}</arg>
<doc>Converts the given item to a Unicode string.</doc>
<status status="NOT RUN" starttime="20230801 21:43:09.288" endtime="20230801 21:43:09.289"/>
</kw>
<status status="NOT RUN" starttime="20230801 21:43:09.286" endtime="20230801 21:43:09.289"/>
</branch>
<branch type="ELSE IF" condition="${cnt} &gt; 0 and '${type}' == 'percentage'">
<kw name="Random Int" library="FakerLibrary">
<var>${new_text}</var>
<arg>max=100</arg>
<doc>Generate a random integer between two integers ``min`` and ``max`` inclusive
while observing the provided ``step`` value.</doc>
<status status="NOT RUN" starttime="20230801 21:43:09.290" endtime="20230801 21:43:09.291"/>
</kw>
<kw name="Convert To String" library="BuiltIn">
<var>${new_text}</var>
<arg>${new_text}</arg>
<doc>Converts the given item to a Unicode string.</doc>
<status status="NOT RUN" starttime="20230801 21:43:09.291" endtime="20230801 21:43:09.291"/>
</kw>
<status status="NOT RUN" starttime="20230801 21:43:09.289" endtime="20230801 21:43:09.292"/>
</branch>
<branch type="ELSE IF" condition="${cnt} &gt; 0 and '${type}' == 'paragraph'">
<kw name="Paragraph" library="FakerLibrary">
<var>${new_text}</var>
<doc>Generate a paragraph.</doc>
<status status="NOT RUN" starttime="20230801 21:43:09.294" endtime="20230801 21:43:09.295"/>
</kw>
<status status="NOT RUN" starttime="20230801 21:43:09.293" endtime="20230801 21:43:09.296"/>
</branch>
<branch type="ELSE IF" condition="${cnt} &gt; 0 and '${type}' == 'email'">
<kw name="Email" library="FakerLibrary">
<var>${new_text}</var>
<status status="NOT RUN" starttime="20230801 21:43:09.297" endtime="20230801 21:43:09.297"/>
</kw>
<status status="NOT RUN" starttime="20230801 21:43:09.296" endtime="20230801 21:43:09.297"/>
</branch>
<branch type="ELSE IF" condition="${cnt} &gt; 0 and '${type}' == 'phone'">
<kw name="Random Int" library="FakerLibrary">
<var>${new_text}</var>
<arg>min=55555555</arg>
<arg>max=999999999999</arg>
<doc>Generate a random integer between two integers ``min`` and ``max`` inclusive
while observing the provided ``step`` value.</doc>
<status status="NOT RUN" starttime="20230801 21:43:09.299" endtime="20230801 21:43:09.299"/>
</kw>
<kw name="Convert To String" library="BuiltIn">
<var>${new_text}</var>
<arg>${new_text}</arg>
<doc>Converts the given item to a Unicode string.</doc>
<status status="NOT RUN" starttime="20230801 21:43:09.300" endtime="20230801 21:43:09.300"/>
</kw>
<status status="NOT RUN" starttime="20230801 21:43:09.298" endtime="20230801 21:43:09.300"/>
</branch>
<branch type="ELSE IF" condition="${cnt} &gt; 0 and '${type}' == 'color'">
<kw name="Safe Hex Color" library="FakerLibrary">
<var>${new_text}</var>
<doc>Generate a web-safe color formatted as a hex triplet.</doc>
<status status="NOT RUN" starttime="20230801 21:43:09.301" endtime="20230801 21:43:09.302"/>
</kw>
<status status="NOT RUN" starttime="20230801 21:43:09.300" endtime="20230801 21:43:09.302"/>
</branch>
<branch type="ELSE IF" condition="${cnt} &gt; 0 and '${type}' == 'date'">
<kw name="Date" library="FakerLibrary">
<var>${new_text}</var>
<arg>pattern=%d-%m-%Y</arg>
<doc>Get a date string between January 1, 1970 and now.</doc>
<status status="NOT RUN" starttime="20230801 21:43:09.303" endtime="20230801 21:43:09.303"/>
</kw>
<status status="NOT RUN" starttime="20230801 21:43:09.302" endtime="20230801 21:43:09.304"/>
</branch>
<branch type="ELSE IF" condition="${cnt} &gt; 0 and '${type}' == 'word'">
<kw name="Sentence" library="FakerLibrary">
<var>${new_text}</var>
<arg>nb_words=2</arg>
<doc>Generate a sentence.</doc>
<status status="NOT RUN" starttime="20230801 21:43:09.305" endtime="20230801 21:43:09.305"/>
</kw>
<status status="NOT RUN" starttime="20230801 21:43:09.304" endtime="20230801 21:43:09.306"/>
</branch>
<branch type="ELSE IF" condition="${cnt} &gt; 0">
<kw name="Sentence" library="FakerLibrary">
<var>${new_text}</var>
<doc>Generate a sentence.</doc>
<status status="NOT RUN" starttime="20230801 21:43:09.306" endtime="20230801 21:43:09.307"/>
</kw>
<status status="NOT RUN" starttime="20230801 21:43:09.306" endtime="20230801 21:43:09.307"/>
</branch>
<status status="PASS" starttime="20230801 21:43:09.264" endtime="20230801 21:43:09.307"/>
</if>
<kw name="Get Length" library="BuiltIn">
<var>${cnt}</var>
<arg>${text}</arg>
<doc>Returns and logs the length of the given item as an integer.</doc>
<msg timestamp="20230801 21:43:09.309" level="INFO">Length is 19</msg>
<msg timestamp="20230801 21:43:09.310" level="INFO">${cnt} = 19</msg>
<status status="PASS" starttime="20230801 21:43:09.308" endtime="20230801 21:43:09.310"/>
</kw>
<if>
<branch type="IF" condition="${cnt} &gt; 0">
<kw name="Replace String" library="String">
<var>${text}</var>
<arg>${text}</arg>
<arg>${symbol}</arg>
<arg>${new_text}</arg>
<doc>Replaces ``search_for`` in the given ``string`` with ``replace_with``.</doc>
<msg timestamp="20230801 21:43:09.315" level="INFO">${text} = hovannhat@admin.com</msg>
<status status="PASS" starttime="20230801 21:43:09.313" endtime="20230801 21:43:09.315"/>
</kw>
<status status="PASS" starttime="20230801 21:43:09.312" endtime="20230801 21:43:09.315"/>
</branch>
<status status="PASS" starttime="20230801 21:43:09.311" endtime="20230801 21:43:09.316"/>
</if>
<msg timestamp="20230801 21:43:09.316" level="INFO">${text} = hovannhat@admin.com</msg>
<status status="PASS" starttime="20230801 21:43:09.245" endtime="20230801 21:43:09.316"/>
</kw>
<kw name="Get Element Form Item By Name" library="common">
<var>${element}</var>
<arg>${name}</arg>
<arg>//input[contains(@class, "ant-input")]</arg>
<msg timestamp="20230801 21:43:09.319" level="INFO">${element} = xpath=//*[contains(@class, "ant-form-item-label")]/label[text()="Tên đăng nhập"]/../../*[contains(@class, "ant-form-item")]//input[contains(@class, "ant-input")]</msg>
<status status="PASS" starttime="20230801 21:43:09.317" endtime="20230801 21:43:09.319"/>
</kw>
<kw name="Clear Text" library="Browser">
<arg>${element}</arg>
<tag>PageContent</tag>
<tag>Setter</tag>
<doc>Clears the text field found by ``selector``.</doc>
<status status="PASS" starttime="20230801 21:43:09.321" endtime="20230801 21:43:11.357"/>
</kw>
<kw name="Fill Text" library="Browser">
<arg>${element}</arg>
<arg>${text}</arg>
<arg>True</arg>
<tag>PageContent</tag>
<tag>Setter</tag>
<doc>Clears and fills the given ``txt`` into the text field found by ``selector``.</doc>
<msg timestamp="20230801 21:43:11.358" level="INFO">Fills the text 'hovannhat@admin.com' in the given field.</msg>
<status status="PASS" starttime="20230801 21:43:11.357" endtime="20230801 21:43:11.434"/>
</kw>
<kw name="Get Length" library="BuiltIn">
<var>${cnt}</var>
<arg>${text}</arg>
<doc>Returns and logs the length of the given item as an integer.</doc>
<msg timestamp="20230801 21:43:11.434" level="INFO">Length is 19</msg>
<msg timestamp="20230801 21:43:11.434" level="INFO">${cnt} = 19</msg>
<status status="PASS" starttime="20230801 21:43:11.434" endtime="20230801 21:43:11.434"/>
</kw>
<if>
<branch type="IF" condition="${cnt} &gt; 0">
<kw name="Set Global Variable" library="BuiltIn">
<arg>${STATE["${name}"]}</arg>
<arg>${text}</arg>
<doc>Makes a variable available globally in all tests and suites.</doc>
<msg timestamp="20230801 21:43:11.434" level="INFO">${STATE["Tên đăng nhập"]} = hovannhat@admin.com</msg>
<status status="PASS" starttime="20230801 21:43:11.434" endtime="20230801 21:43:11.434"/>
</kw>
<status status="PASS" starttime="20230801 21:43:11.434" endtime="20230801 21:43:11.434"/>
</branch>
<status status="PASS" starttime="20230801 21:43:11.434" endtime="20230801 21:43:11.434"/>
</if>
<status status="PASS" starttime="20230801 21:43:09.245" endtime="20230801 21:43:11.434"/>
</kw>
<kw name="Enter &quot;text&quot; in &quot;Mật khẩu&quot; with &quot;Nhat@01101999&quot;" library="common" sourcename="Enter &quot;${type}&quot; in &quot;${name}&quot; with &quot;${text}&quot;">
<kw name="Get Random Text" library="common">
<var>${text}</var>
<arg>${type}</arg>
<arg>${text}</arg>
<kw name="Set Variable" library="BuiltIn">
<var>${symbol}</var>
<arg>_RANDOM_</arg>
<doc>Returns the given values which can then be assigned to a variables.</doc>
<msg timestamp="20230801 21:43:11.445" level="INFO">${symbol} = _RANDOM_</msg>
<status status="PASS" starttime="20230801 21:43:11.445" endtime="20230801 21:43:11.445"/>
</kw>
<kw name="Set Variable" library="BuiltIn">
<var>${new_text}</var>
<doc>Returns the given values which can then be assigned to a variables.</doc>
<msg timestamp="20230801 21:43:11.445" level="INFO">${new_text} = </msg>
<status status="PASS" starttime="20230801 21:43:11.445" endtime="20230801 21:43:11.445"/>
</kw>
<kw name="Get Regexp Matches" library="String">
<var>${containsS}</var>
<arg>${text}</arg>
<arg>_@(.+)@_</arg>
<arg>1</arg>
<doc>Returns a list of all non-overlapping matches in the given string.</doc>
<msg timestamp="20230801 21:43:11.445" level="INFO">${containsS} = []</msg>
<status status="PASS" starttime="20230801 21:43:11.445" endtime="20230801 21:43:11.445"/>
</kw>
<kw name="Get Length" library="BuiltIn">
<var>${cntS}</var>
<arg>${containsS}</arg>
<doc>Returns and logs the length of the given item as an integer.</doc>
<msg timestamp="20230801 21:43:11.445" level="INFO">Length is 0</msg>
<msg timestamp="20230801 21:43:11.445" level="INFO">${cntS} = 0</msg>
<status status="PASS" starttime="20230801 21:43:11.445" endtime="20230801 21:43:11.445"/>
</kw>
<kw name="Get Regexp Matches" library="String">
<var>${contains}</var>
<arg>${text}</arg>
<arg>${symbol}</arg>
<doc>Returns a list of all non-overlapping matches in the given string.</doc>
<msg timestamp="20230801 21:43:11.445" level="INFO">${contains} = []</msg>
<status status="PASS" starttime="20230801 21:43:11.445" endtime="20230801 21:43:11.445"/>
</kw>
<kw name="Get Length" library="BuiltIn">
<var>${cnt}</var>
<arg>${contains}</arg>
<doc>Returns and logs the length of the given item as an integer.</doc>
<msg timestamp="20230801 21:43:11.445" level="INFO">Length is 0</msg>
<msg timestamp="20230801 21:43:11.445" level="INFO">${cnt} = 0</msg>
<status status="PASS" starttime="20230801 21:43:11.445" endtime="20230801 21:43:11.445"/>
</kw>
<if>
<branch type="IF" condition="${cntS} &gt; 0">
<kw name="Set Variable" library="BuiltIn">
<var>${new_text}</var>
<arg>${STATE["${containsS[0]}"]}</arg>
<doc>Returns the given values which can then be assigned to a variables.</doc>
<status status="NOT RUN" starttime="20230801 21:43:11.445" endtime="20230801 21:43:11.445"/>
</kw>
<kw name="Set Variable" library="BuiltIn">
<var>${symbol}</var>
<arg>_@${containsS[0]}@_</arg>
<doc>Returns the given values which can then be assigned to a variables.</doc>
<status status="NOT RUN" starttime="20230801 21:43:11.445" endtime="20230801 21:43:11.445"/>
</kw>
<status status="NOT RUN" starttime="20230801 21:43:11.445" endtime="20230801 21:43:11.445"/>
</branch>
<branch type="ELSE IF" condition="${cnt} &gt; 0 and '${type}' == 'test name'">
<kw name="Sentence" library="FakerLibrary">
<var>${random}</var>
<arg>nb_words=3</arg>
<doc>Generate a sentence.</doc>
<status status="NOT RUN" starttime="20230801 21:43:11.445" endtime="20230801 21:43:11.445"/>
</kw>
<kw name="Split String" library="String">
<var>${words}</var>
<arg>${TEST NAME}</arg>
<arg>${SPACE}</arg>
<doc>Splits the ``string`` using ``separator`` as a delimiter string.</doc>
<status status="NOT RUN" starttime="20230801 21:43:11.445" endtime="20230801 21:43:11.445"/>
</kw>
<kw name="Set Variable" library="BuiltIn">
<var>${new_text}</var>
<arg>${words[0]} ${random}</arg>
<doc>Returns the given values which can then be assigned to a variables.</doc>
<status status="NOT RUN" starttime="20230801 21:43:11.445" endtime="20230801 21:43:11.461"/>
</kw>
<status status="NOT RUN" starttime="20230801 21:43:11.445" endtime="20230801 21:43:11.461"/>
</branch>
<branch type="ELSE IF" condition="${cnt} &gt; 0 and '${type}' == 'number'">
<kw name="Random Int" library="FakerLibrary">
<var>${new_text}</var>
<arg>min=1000000000000</arg>
<arg>max=9999999999999</arg>
<doc>Generate a random integer between two integers ``min`` and ``max`` inclusive
while observing the provided ``step`` value.</doc>
<status status="NOT RUN" starttime="20230801 21:43:11.461" endtime="20230801 21:43:11.461"/>
</kw>
<kw name="Convert To String" library="BuiltIn">
<var>${new_text}</var>
<arg>${new_text}</arg>
<doc>Converts the given item to a Unicode string.</doc>
<status status="NOT RUN" starttime="20230801 21:43:11.461" endtime="20230801 21:43:11.461"/>
</kw>
<status status="NOT RUN" starttime="20230801 21:43:11.461" endtime="20230801 21:43:11.461"/>
</branch>
<branch type="ELSE IF" condition="${cnt} &gt; 0 and '${type}' == 'order number'">
<kw name="Random Int" library="FakerLibrary">
<var>${new_text}</var>
<arg>min=0</arg>
<arg>max=999999999</arg>
<doc>Generate a random integer between two integers ``min`` and ``max`` inclusive
while observing the provided ``step`` value.</doc>
<status status="NOT RUN" starttime="20230801 21:43:11.461" endtime="20230801 21:43:11.461"/>
</kw>
<kw name="Convert To String" library="BuiltIn">
<var>${new_text}</var>
<arg>${new_text}</arg>
<doc>Converts the given item to a Unicode string.</doc>
<status status="NOT RUN" starttime="20230801 21:43:11.461" endtime="20230801 21:43:11.461"/>
</kw>
<status status="NOT RUN" starttime="20230801 21:43:11.461" endtime="20230801 21:43:11.461"/>
</branch>
<branch type="ELSE IF" condition="${cnt} &gt; 0 and '${type}' == 'leave date valid'">
<kw name="Random Int" library="FakerLibrary">
<var>${new_text}</var>
<arg>min=0</arg>
<arg>max=16</arg>
<doc>Generate a random integer between two integers ``min`` and ``max`` inclusive
while observing the provided ``step`` value.</doc>
<status status="NOT RUN" starttime="20230801 21:43:11.461" endtime="20230801 21:43:11.461"/>
</kw>
<kw name="Convert To String" library="BuiltIn">
<var>${new_text}</var>
<arg>${new_text}</arg>
<doc>Converts the given item to a Unicode string.</doc>
<status status="NOT RUN" starttime="20230801 21:43:11.461" endtime="20230801 21:43:11.461"/>
</kw>
<status status="NOT RUN" starttime="20230801 21:43:11.461" endtime="20230801 21:43:11.461"/>
</branch>
<branch type="ELSE IF" condition="${cnt} &gt; 0 and '${type}' == 'leave date invalid'">
<kw name="Random Int" library="FakerLibrary">
<var>${new_text}</var>
<arg>min=17</arg>
<arg>max=99</arg>
<doc>Generate a random integer between two integers ``min`` and ``max`` inclusive
while observing the provided ``step`` value.</doc>
<status status="NOT RUN" starttime="20230801 21:43:11.461" endtime="20230801 21:43:11.461"/>
</kw>
<kw name="Convert To String" library="BuiltIn">
<var>${new_text}</var>
<arg>${new_text}</arg>
<doc>Converts the given item to a Unicode string.</doc>
<status status="NOT RUN" starttime="20230801 21:43:11.461" endtime="20230801 21:43:11.461"/>
</kw>
<status status="NOT RUN" starttime="20230801 21:43:11.461" endtime="20230801 21:43:11.461"/>
</branch>
<branch type="ELSE IF" condition="${cnt} &gt; 0 and '${type}' == 'percentage'">
<kw name="Random Int" library="FakerLibrary">
<var>${new_text}</var>
<arg>max=100</arg>
<doc>Generate a random integer between two integers ``min`` and ``max`` inclusive
while observing the provided ``step`` value.</doc>
<status status="NOT RUN" starttime="20230801 21:43:11.461" endtime="20230801 21:43:11.461"/>
</kw>
<kw name="Convert To String" library="BuiltIn">
<var>${new_text}</var>
<arg>${new_text}</arg>
<doc>Converts the given item to a Unicode string.</doc>
<status status="NOT RUN" starttime="20230801 21:43:11.461" endtime="20230801 21:43:11.461"/>
</kw>
<status status="NOT RUN" starttime="20230801 21:43:11.461" endtime="20230801 21:43:11.461"/>
</branch>
<branch type="ELSE IF" condition="${cnt} &gt; 0 and '${type}' == 'paragraph'">
<kw name="Paragraph" library="FakerLibrary">
<var>${new_text}</var>
<doc>Generate a paragraph.</doc>
<status status="NOT RUN" starttime="20230801 21:43:11.461" endtime="20230801 21:43:11.461"/>
</kw>
<status status="NOT RUN" starttime="20230801 21:43:11.461" endtime="20230801 21:43:11.461"/>
</branch>
<branch type="ELSE IF" condition="${cnt} &gt; 0 and '${type}' == 'email'">
<kw name="Email" library="FakerLibrary">
<var>${new_text}</var>
<status status="NOT RUN" starttime="20230801 21:43:11.476" endtime="20230801 21:43:11.476"/>
</kw>
<status status="NOT RUN" starttime="20230801 21:43:11.461" endtime="20230801 21:43:11.476"/>
</branch>
<branch type="ELSE IF" condition="${cnt} &gt; 0 and '${type}' == 'phone'">
<kw name="Random Int" library="FakerLibrary">
<var>${new_text}</var>
<arg>min=55555555</arg>
<arg>max=999999999999</arg>
<doc>Generate a random integer between two integers ``min`` and ``max`` inclusive
while observing the provided ``step`` value.</doc>
<status status="NOT RUN" starttime="20230801 21:43:11.476" endtime="20230801 21:43:11.476"/>
</kw>
<kw name="Convert To String" library="BuiltIn">
<var>${new_text}</var>
<arg>${new_text}</arg>
<doc>Converts the given item to a Unicode string.</doc>
<status status="NOT RUN" starttime="20230801 21:43:11.476" endtime="20230801 21:43:11.476"/>
</kw>
<status status="NOT RUN" starttime="20230801 21:43:11.476" endtime="20230801 21:43:11.476"/>
</branch>
<branch type="ELSE IF" condition="${cnt} &gt; 0 and '${type}' == 'color'">
<kw name="Safe Hex Color" library="FakerLibrary">
<var>${new_text}</var>
<doc>Generate a web-safe color formatted as a hex triplet.</doc>
<status status="NOT RUN" starttime="20230801 21:43:11.476" endtime="20230801 21:43:11.476"/>
</kw>
<status status="NOT RUN" starttime="20230801 21:43:11.476" endtime="20230801 21:43:11.476"/>
</branch>
<branch type="ELSE IF" condition="${cnt} &gt; 0 and '${type}' == 'date'">
<kw name="Date" library="FakerLibrary">
<var>${new_text}</var>
<arg>pattern=%d-%m-%Y</arg>
<doc>Get a date string between January 1, 1970 and now.</doc>
<status status="NOT RUN" starttime="20230801 21:43:11.476" endtime="20230801 21:43:11.476"/>
</kw>
<status status="NOT RUN" starttime="20230801 21:43:11.476" endtime="20230801 21:43:11.476"/>
</branch>
<branch type="ELSE IF" condition="${cnt} &gt; 0 and '${type}' == 'word'">
<kw name="Sentence" library="FakerLibrary">
<var>${new_text}</var>
<arg>nb_words=2</arg>
<doc>Generate a sentence.</doc>
<status status="NOT RUN" starttime="20230801 21:43:11.476" endtime="20230801 21:43:11.476"/>
</kw>
<status status="NOT RUN" starttime="20230801 21:43:11.476" endtime="20230801 21:43:11.476"/>
</branch>
<branch type="ELSE IF" condition="${cnt} &gt; 0">
<kw name="Sentence" library="FakerLibrary">
<var>${new_text}</var>
<doc>Generate a sentence.</doc>
<status status="NOT RUN" starttime="20230801 21:43:11.476" endtime="20230801 21:43:11.476"/>
</kw>
<status status="NOT RUN" starttime="20230801 21:43:11.476" endtime="20230801 21:43:11.476"/>
</branch>
<status status="PASS" starttime="20230801 21:43:11.445" endtime="20230801 21:43:11.476"/>
</if>
<kw name="Get Length" library="BuiltIn">
<var>${cnt}</var>
<arg>${text}</arg>
<doc>Returns and logs the length of the given item as an integer.</doc>
<msg timestamp="20230801 21:43:11.476" level="INFO">Length is 13</msg>
<msg timestamp="20230801 21:43:11.476" level="INFO">${cnt} = 13</msg>
<status status="PASS" starttime="20230801 21:43:11.476" endtime="20230801 21:43:11.476"/>
</kw>
<if>
<branch type="IF" condition="${cnt} &gt; 0">
<kw name="Replace String" library="String">
<var>${text}</var>
<arg>${text}</arg>
<arg>${symbol}</arg>
<arg>${new_text}</arg>
<doc>Replaces ``search_for`` in the given ``string`` with ``replace_with``.</doc>
<msg timestamp="20230801 21:43:11.476" level="INFO">${text} = Nhat@01101999</msg>
<status status="PASS" starttime="20230801 21:43:11.476" endtime="20230801 21:43:11.476"/>
</kw>
<status status="PASS" starttime="20230801 21:43:11.476" endtime="20230801 21:43:11.476"/>
</branch>
<status status="PASS" starttime="20230801 21:43:11.476" endtime="20230801 21:43:11.476"/>
</if>
<msg timestamp="20230801 21:43:11.476" level="INFO">${text} = Nhat@01101999</msg>
<status status="PASS" starttime="20230801 21:43:11.445" endtime="20230801 21:43:11.476"/>
</kw>
<kw name="Get Element Form Item By Name" library="common">
<var>${element}</var>
<arg>${name}</arg>
<arg>//input[contains(@class, "ant-input")]</arg>
<msg timestamp="20230801 21:43:11.476" level="INFO">${element} = xpath=//*[contains(@class, "ant-form-item-label")]/label[text()="Mật khẩu"]/../../*[contains(@class, "ant-form-item")]//input[contains(@class, "ant-input")]</msg>
<status status="PASS" starttime="20230801 21:43:11.476" endtime="20230801 21:43:11.492"/>
</kw>
<kw name="Clear Text" library="Browser">
<arg>${element}</arg>
<tag>PageContent</tag>
<tag>Setter</tag>
<doc>Clears the text field found by ``selector``.</doc>
<status status="PASS" starttime="20230801 21:43:11.492" endtime="20230801 21:43:11.638"/>
</kw>
<kw name="Fill Text" library="Browser">
<arg>${element}</arg>
<arg>${text}</arg>
<arg>True</arg>
<tag>PageContent</tag>
<tag>Setter</tag>
<doc>Clears and fills the given ``txt`` into the text field found by ``selector``.</doc>
<msg timestamp="20230801 21:43:11.640" level="INFO">Fills the text 'Nhat@01101999' in the given field.</msg>
<status status="PASS" starttime="20230801 21:43:11.639" endtime="20230801 21:43:11.799"/>
</kw>
<kw name="Get Length" library="BuiltIn">
<var>${cnt}</var>
<arg>${text}</arg>
<doc>Returns and logs the length of the given item as an integer.</doc>
<msg timestamp="20230801 21:43:11.801" level="INFO">Length is 13</msg>
<msg timestamp="20230801 21:43:11.801" level="INFO">${cnt} = 13</msg>
<status status="PASS" starttime="20230801 21:43:11.801" endtime="20230801 21:43:11.802"/>
</kw>
<if>
<branch type="IF" condition="${cnt} &gt; 0">
<kw name="Set Global Variable" library="BuiltIn">
<arg>${STATE["${name}"]}</arg>
<arg>${text}</arg>
<doc>Makes a variable available globally in all tests and suites.</doc>
<msg timestamp="20230801 21:43:11.805" level="INFO">${STATE["Mật khẩu"]} = Nhat@01101999</msg>
<status status="PASS" starttime="20230801 21:43:11.803" endtime="20230801 21:43:11.805"/>
</kw>
<status status="PASS" starttime="20230801 21:43:11.802" endtime="20230801 21:43:11.805"/>
</branch>
<status status="PASS" starttime="20230801 21:43:11.802" endtime="20230801 21:43:11.805"/>
</if>
<status status="PASS" starttime="20230801 21:43:11.445" endtime="20230801 21:43:11.805"/>
</kw>
<kw name="Click &quot;Đăng nhập&quot; button" library="common" sourcename="Click &quot;${text}&quot; button">
<kw name="Click" library="Browser">
<arg>xpath=//button[@title = "${text}"]</arg>
<tag>PageContent</tag>
<tag>Setter</tag>
<doc>Simulates mouse click on the element found by ``selector``.</doc>
<status status="PASS" starttime="20230801 21:43:11.810" endtime="20230801 21:43:12.148"/>
</kw>
<kw name="Click Confirm To Action" library="common">
<kw name="Set Variable" library="BuiltIn">
<var>${element}</var>
<arg>xpath=//*[contains(@class, "ant-popover")]//*[contains(@class, "ant-btn-primary")]</arg>
<doc>Returns the given values which can then be assigned to a variables.</doc>
<msg timestamp="20230801 21:43:12.150" level="INFO">${element} = xpath=//*[contains(@class, "ant-popover")]//*[contains(@class, "ant-btn-primary")]</msg>
<status status="PASS" starttime="20230801 21:43:12.149" endtime="20230801 21:43:12.150"/>
</kw>
<kw name="Get Element Count" library="Browser">
<var>${count}</var>
<arg>${element}</arg>
<tag>Assertion</tag>
<tag>Getter</tag>
<tag>PageContent</tag>
<doc>Returns the count of elements found with ``selector``.</doc>
<msg timestamp="20230801 21:43:12.203" level="INFO">${count} = 0</msg>
<status status="PASS" starttime="20230801 21:43:12.150" endtime="20230801 21:43:12.203"/>
</kw>
<if>
<branch type="IF" condition="${count} &gt; 0">
<kw name="Click" library="Browser">
<arg>${element}</arg>
<tag>PageContent</tag>
<tag>Setter</tag>
<doc>Simulates mouse click on the element found by ``selector``.</doc>
<status status="NOT RUN" starttime="20230801 21:43:12.203" endtime="20230801 21:43:12.203"/>
</kw>
<kw name="Sleep" library="BuiltIn">
<arg>${SHOULD_TIMEOUT}</arg>
<doc>Pauses the test executed for the given time.</doc>
<status status="NOT RUN" starttime="20230801 21:43:12.203" endtime="20230801 21:43:12.203"/>
</kw>
<status status="NOT RUN" starttime="20230801 21:43:12.203" endtime="20230801 21:43:12.203"/>
</branch>
<status status="PASS" starttime="20230801 21:43:12.203" endtime="20230801 21:43:12.203"/>
</if>
<status status="PASS" starttime="20230801 21:43:12.148" endtime="20230801 21:43:12.203"/>
</kw>
<kw name="Scroll By" library="Browser">
<arg>${None}</arg>
<tag>PageContent</tag>
<tag>Setter</tag>
<doc>Scrolls an element or the page relative from current position by the given values.</doc>
<status status="PASS" starttime="20230801 21:43:12.203" endtime="20230801 21:43:12.316"/>
</kw>
<status status="PASS" starttime="20230801 21:43:11.805" endtime="20230801 21:43:12.317"/>
</kw>
<kw name="User look message &quot;Thành công&quot; popup" library="common" sourcename="User look message &quot;${message}&quot; popup">
<kw name="Get Regexp Matches" library="String">
<var>${contains}</var>
<arg>${message}</arg>
<arg>_@(.+)@_</arg>
<arg>1</arg>
<doc>Returns a list of all non-overlapping matches in the given string.</doc>
<msg timestamp="20230801 21:43:12.320" level="INFO">${contains} = []</msg>
<status status="PASS" starttime="20230801 21:43:12.319" endtime="20230801 21:43:12.320"/>
</kw>
<kw name="Get Length" library="BuiltIn">
<var>${cnt}</var>
<arg>${contains}</arg>
<doc>Returns and logs the length of the given item as an integer.</doc>
<msg timestamp="20230801 21:43:12.321" level="INFO">Length is 0</msg>
<msg timestamp="20230801 21:43:12.321" level="INFO">${cnt} = 0</msg>
<status status="PASS" starttime="20230801 21:43:12.320" endtime="20230801 21:43:12.321"/>
</kw>
<if>
<branch type="IF" condition="${cnt} &gt; 0">
<kw name="Replace String" library="String">
<var>${message}</var>
<arg>${message}</arg>
<arg>_@${contains[0]}@_</arg>
<arg>${STATE["${contains[0]}"]}</arg>
<doc>Replaces ``search_for`` in the given ``string`` with ``replace_with``.</doc>
<status status="NOT RUN" starttime="20230801 21:43:12.323" endtime="20230801 21:43:12.324"/>
</kw>
<status status="NOT RUN" starttime="20230801 21:43:12.322" endtime="20230801 21:43:12.324"/>
</branch>
<status status="PASS" starttime="20230801 21:43:12.322" endtime="20230801 21:43:12.326"/>
</if>
<kw name="Element Text Should Be" library="common">
<arg>id=swal2-html-container</arg>
<arg>${message}</arg>
<kw name="Get Text" library="Browser">
<arg>${locator}</arg>
<arg>equal</arg>
<arg>${expected}</arg>
<arg>${message}</arg>
<tag>Assertion</tag>
<tag>Getter</tag>
<tag>PageContent</tag>
<doc>Returns text attribute of the element found by ``selector``.</doc>
<msg timestamp="20230801 21:43:14.498" level="INFO">Text: 'Thành công'</msg>
<status status="PASS" starttime="20230801 21:43:12.326" endtime="20230801 21:43:14.498"/>
</kw>
<status status="PASS" starttime="20230801 21:43:12.326" endtime="20230801 21:43:14.498"/>
</kw>
<kw name="Set Variable" library="BuiltIn">
<var>${element}</var>
<arg>xpath=//*[contains(@class, "swal2-confirm")]</arg>
<doc>Returns the given values which can then be assigned to a variables.</doc>
<msg timestamp="20230801 21:43:14.498" level="INFO">${element} = xpath=//*[contains(@class, "swal2-confirm")]</msg>
<status status="PASS" starttime="20230801 21:43:14.498" endtime="20230801 21:43:14.498"/>
</kw>
<kw name="Run Keyword And Return Status" library="BuiltIn">
<var>${passed}</var>
<arg>Element Should Be Visible</arg>
<arg>${element}</arg>
<doc>Runs the given keyword with given arguments and returns the status as a Boolean value.</doc>
<kw name="Element Should Be Visible" library="common">
<arg>${element}</arg>
<kw name="Wait For Elements State" library="Browser">
<arg>${locator}</arg>
<arg>visible</arg>
<arg>${timeout}</arg>
<arg>${message}</arg>
<tag>PageContent</tag>
<tag>Wait</tag>
<doc>Waits for the element found by ``selector`` to satisfy state option.</doc>
<msg timestamp="20230801 21:43:15.014" level="INFO" html="true">&lt;/td&gt;&lt;/tr&gt;&lt;tr&gt;&lt;td colspan="3"&gt;&lt;a href="browser/screenshot/fail-screenshot-1.png" target="_blank"&gt;&lt;img src="browser/screenshot/fail-screenshot-1.png" width="800px"/&gt;&lt;/a&gt;</msg>
<msg timestamp="20230801 21:43:15.014" level="INFO">See also file:///C:/Users/nhats/OneDrive/Desktop/ARI/vite-react-ari/test/playwright-log.txt for additional details.</msg>
<msg timestamp="20230801 21:43:15.014" level="FAIL">TimeoutError: locator.waitFor: Timeout 100ms exceeded.
=========================== logs ===========================
waiting for locator('xpath=//*[contains(@class, "swal2-confirm")]') to be visible
  locator resolved to hidden &lt;button type="button" aria-label="" class="swal2-confirm…&gt;OK&lt;/button&gt;
============================================================
Tip: Use "Set Browser Timeout" for increasing the timeout or double check your locator as the targeted element(s) couldn't be found.</msg>
<status status="FAIL" starttime="20230801 21:43:14.498" endtime="20230801 21:43:15.024"/>
</kw>
<status status="FAIL" starttime="20230801 21:43:14.498" endtime="20230801 21:43:15.025"/>
</kw>
<msg timestamp="20230801 21:43:15.026" level="INFO">${passed} = False</msg>
<status status="PASS" starttime="20230801 21:43:14.498" endtime="20230801 21:43:15.026"/>
</kw>
<if>
<branch type="IF" condition="'${passed}' == 'True'">
<kw name="Click" library="Browser">
<arg>${element}</arg>
<tag>PageContent</tag>
<tag>Setter</tag>
<doc>Simulates mouse click on the element found by ``selector``.</doc>
<status status="NOT RUN" starttime="20230801 21:43:15.027" endtime="20230801 21:43:15.028"/>
</kw>
<status status="NOT RUN" starttime="20230801 21:43:15.027" endtime="20230801 21:43:15.028"/>
</branch>
<status status="PASS" starttime="20230801 21:43:15.026" endtime="20230801 21:43:15.028"/>
</if>
<kw name="Wait Until Element Is Not Exist" library="common">
<arg>${element}</arg>
<kw name="Wait For Elements State" library="Browser">
<arg>${locator}</arg>
<arg>detached</arg>
<arg>${timeout}</arg>
<arg>${message}</arg>
<tag>PageContent</tag>
<tag>Wait</tag>
<doc>Waits for the element found by ``selector`` to satisfy state option.</doc>
<msg timestamp="20230801 21:43:17.443" level="INFO">Waited for Element with selector xpath=//*[contains(@class, "swal2-confirm")] at state detached</msg>
<status status="PASS" starttime="20230801 21:43:15.031" endtime="20230801 21:43:17.443"/>
</kw>
<status status="PASS" starttime="20230801 21:43:15.029" endtime="20230801 21:43:17.443"/>
</kw>
<status status="PASS" starttime="20230801 21:43:12.317" endtime="20230801 21:43:17.443"/>
</kw>
<status status="PASS" starttime="20230801 21:43:09.245" endtime="20230801 21:43:17.443"/>
</kw>
<kw name="When Click &quot;Người Dùng&quot; menu" library="common" sourcename="Click &quot;${text}&quot; menu">
<kw name="Click" library="Browser">
<arg>xpath=//li[span[contains(text(), "${text}")]]</arg>
<tag>PageContent</tag>
<tag>Setter</tag>
<doc>Simulates mouse click on the element found by ``selector``.</doc>
<status status="PASS" starttime="20230801 21:43:17.458" endtime="20230801 21:43:17.644"/>
</kw>
<kw name="Wait Until Element Spin" library="common">
<kw name="Set Variable" library="BuiltIn">
<var>${element}</var>
<arg>xpath=//*[contains(@class, "ant-spin-spinning")]</arg>
<doc>Returns the given values which can then be assigned to a variables.</doc>
<msg timestamp="20230801 21:43:17.644" level="INFO">${element} = xpath=//*[contains(@class, "ant-spin-spinning")]</msg>
<status status="PASS" starttime="20230801 21:43:17.644" endtime="20230801 21:43:17.644"/>
</kw>
<kw name="Get Element Count" library="Browser">
<var>${count}</var>
<arg>${element}</arg>
<tag>Assertion</tag>
<tag>Getter</tag>
<tag>PageContent</tag>
<doc>Returns the count of elements found with ``selector``.</doc>
<msg timestamp="20230801 21:43:17.676" level="INFO">${count} = 1</msg>
<status status="PASS" starttime="20230801 21:43:17.644" endtime="20230801 21:43:17.676"/>
</kw>
<if>
<branch type="IF" condition="${count} &gt; 0">
<kw name="Wait Until Element Is Not Exist" library="common">
<arg>${element}</arg>
<kw name="Wait For Elements State" library="Browser">
<arg>${locator}</arg>
<arg>detached</arg>
<arg>${timeout}</arg>
<arg>${message}</arg>
<tag>PageContent</tag>
<tag>Wait</tag>
<doc>Waits for the element found by ``selector`` to satisfy state option.</doc>
<msg timestamp="20230801 21:43:18.285" level="INFO">Waited for Element with selector xpath=//*[contains(@class, "ant-spin-spinning")] at state detached</msg>
<status status="PASS" starttime="20230801 21:43:17.676" endtime="20230801 21:43:18.285"/>
</kw>
<status status="PASS" starttime="20230801 21:43:17.676" endtime="20230801 21:43:18.285"/>
</kw>
<status status="PASS" starttime="20230801 21:43:17.676" endtime="20230801 21:43:18.291"/>
</branch>
<status status="PASS" starttime="20230801 21:43:17.676" endtime="20230801 21:43:18.292"/>
</if>
<status status="PASS" starttime="20230801 21:43:17.644" endtime="20230801 21:43:18.292"/>
</kw>
<status status="PASS" starttime="20230801 21:43:17.443" endtime="20230801 21:43:18.293"/>
</kw>
<if>
<branch type="IF" condition="'${role}' == 'Staff'">
<kw name="Wait Until Element Spin" library="common">
<status status="NOT RUN" starttime="20230801 21:43:18.296" endtime="20230801 21:43:18.296"/>
</kw>
<status status="NOT RUN" starttime="20230801 21:43:18.294" endtime="20230801 21:43:18.296"/>
</branch>
<branch type="ELSE IF" condition="'${role}' != 'Staff'">
<kw name="Click list Role with &quot;${role}&quot;" library="common" sourcename="Click list ${name} with &quot;${text}&quot;">
<kw name="Set Variable" library="BuiltIn">
<var>${element}</var>
<arg>xpath=//div[contains(@class, 'truncate') and text()='${text}']</arg>
<doc>Returns the given values which can then be assigned to a variables.</doc>
<msg timestamp="20230801 21:43:18.299" level="INFO">${element} = xpath=//div[contains(@class, 'truncate') and text()='Manager']</msg>
<status status="PASS" starttime="20230801 21:43:18.298" endtime="20230801 21:43:18.299"/>
</kw>
<kw name="Wait Until Element Is Visible" library="common">
<arg>${element}</arg>
<kw name="Wait For Elements State" library="Browser">
<arg>${locator}</arg>
<arg>visible</arg>
<arg>${timeout}</arg>
<arg>${message}</arg>
<tag>PageContent</tag>
<tag>Wait</tag>
<doc>Waits for the element found by ``selector`` to satisfy state option.</doc>
<msg timestamp="20230801 21:43:20.085" level="INFO">Waited for Element with selector xpath=//div[contains(@class, 'truncate') and text()='Manager'] at state visible</msg>
<status status="PASS" starttime="20230801 21:43:18.303" endtime="20230801 21:43:20.085"/>
</kw>
<status status="PASS" starttime="20230801 21:43:18.300" endtime="20230801 21:43:20.092"/>
</kw>
<kw name="Click" library="Browser">
<arg>${element}</arg>
<tag>PageContent</tag>
<tag>Setter</tag>
<doc>Simulates mouse click on the element found by ``selector``.</doc>
<status status="PASS" starttime="20230801 21:43:20.093" endtime="20230801 21:43:20.289"/>
</kw>
<kw name="Wait Until Element Spin" library="common">
<kw name="Set Variable" library="BuiltIn">
<var>${element}</var>
<arg>xpath=//*[contains(@class, "ant-spin-spinning")]</arg>
<doc>Returns the given values which can then be assigned to a variables.</doc>
<msg timestamp="20230801 21:43:20.292" level="INFO">${element} = xpath=//*[contains(@class, "ant-spin-spinning")]</msg>
<status status="PASS" starttime="20230801 21:43:20.291" endtime="20230801 21:43:20.292"/>
</kw>
<kw name="Get Element Count" library="Browser">
<var>${count}</var>
<arg>${element}</arg>
<tag>Assertion</tag>
<tag>Getter</tag>
<tag>PageContent</tag>
<doc>Returns the count of elements found with ``selector``.</doc>
<msg timestamp="20230801 21:43:20.369" level="INFO">${count} = 1</msg>
<status status="PASS" starttime="20230801 21:43:20.292" endtime="20230801 21:43:20.369"/>
</kw>
<if>
<branch type="IF" condition="${count} &gt; 0">
<kw name="Wait Until Element Is Not Exist" library="common">
<arg>${element}</arg>
<kw name="Wait For Elements State" library="Browser">
<arg>${locator}</arg>
<arg>detached</arg>
<arg>${timeout}</arg>
<arg>${message}</arg>
<tag>PageContent</tag>
<tag>Wait</tag>
<doc>Waits for the element found by ``selector`` to satisfy state option.</doc>
<msg timestamp="20230801 21:43:21.763" level="INFO">Waited for Element with selector xpath=//*[contains(@class, "ant-spin-spinning")] at state detached</msg>
<status status="PASS" starttime="20230801 21:43:20.373" endtime="20230801 21:43:21.763"/>
</kw>
<status status="PASS" starttime="20230801 21:43:20.371" endtime="20230801 21:43:21.763"/>
</kw>
<status status="PASS" starttime="20230801 21:43:20.370" endtime="20230801 21:43:21.763"/>
</branch>
<status status="PASS" starttime="20230801 21:43:20.370" endtime="20230801 21:43:21.763"/>
</if>
<status status="PASS" starttime="20230801 21:43:20.289" endtime="20230801 21:43:21.763"/>
</kw>
<kw name="Wait Until Element Spin" library="common">
<kw name="Set Variable" library="BuiltIn">
<var>${element}</var>
<arg>xpath=//*[contains(@class, "ant-spin-spinning")]</arg>
<doc>Returns the given values which can then be assigned to a variables.</doc>
<msg timestamp="20230801 21:43:21.763" level="INFO">${element} = xpath=//*[contains(@class, "ant-spin-spinning")]</msg>
<status status="PASS" starttime="20230801 21:43:21.763" endtime="20230801 21:43:21.763"/>
</kw>
<kw name="Get Element Count" library="Browser">
<var>${count}</var>
<arg>${element}</arg>
<tag>Assertion</tag>
<tag>Getter</tag>
<tag>PageContent</tag>
<doc>Returns the count of elements found with ``selector``.</doc>
<msg timestamp="20230801 21:43:21.778" level="INFO">${count} = 0</msg>
<status status="PASS" starttime="20230801 21:43:21.778" endtime="20230801 21:43:21.778"/>
</kw>
<if>
<branch type="IF" condition="${count} &gt; 0">
<kw name="Wait Until Element Is Not Exist" library="common">
<arg>${element}</arg>
<status status="NOT RUN" starttime="20230801 21:43:21.778" endtime="20230801 21:43:21.778"/>
</kw>
<status status="NOT RUN" starttime="20230801 21:43:21.778" endtime="20230801 21:43:21.778"/>
</branch>
<status status="PASS" starttime="20230801 21:43:21.778" endtime="20230801 21:43:21.778"/>
</if>
<status status="PASS" starttime="20230801 21:43:21.763" endtime="20230801 21:43:21.778"/>
</kw>
<status status="PASS" starttime="20230801 21:43:18.297" endtime="20230801 21:43:21.778"/>
</kw>
<status status="PASS" starttime="20230801 21:43:18.296" endtime="20230801 21:43:21.778"/>
</branch>
<status status="PASS" starttime="20230801 21:43:18.293" endtime="20230801 21:43:21.778"/>
</if>
<if>
<branch type="IF" condition="'${name}' == 'create'">
<kw name="Click &quot;Tạo mới&quot; button" library="common" sourcename="Click &quot;${text}&quot; button">
<status status="NOT RUN" starttime="20230801 21:43:21.794" endtime="20230801 21:43:21.794"/>
</kw>
<status status="NOT RUN" starttime="20230801 21:43:21.794" endtime="20230801 21:43:21.794"/>
</branch>
<status status="PASS" starttime="20230801 21:43:21.794" endtime="20230801 21:43:21.794"/>
</if>
<kw name="Wait Until Element Spin" library="common">
<kw name="Set Variable" library="BuiltIn">
<var>${element}</var>
<arg>xpath=//*[contains(@class, "ant-spin-spinning")]</arg>
<doc>Returns the given values which can then be assigned to a variables.</doc>
<msg timestamp="20230801 21:43:21.794" level="INFO">${element} = xpath=//*[contains(@class, "ant-spin-spinning")]</msg>
<status status="PASS" starttime="20230801 21:43:21.794" endtime="20230801 21:43:21.794"/>
</kw>
<kw name="Get Element Count" library="Browser">
<var>${count}</var>
<arg>${element}</arg>
<tag>Assertion</tag>
<tag>Getter</tag>
<tag>PageContent</tag>
<doc>Returns the count of elements found with ``selector``.</doc>
<msg timestamp="20230801 21:43:21.794" level="INFO">${count} = 0</msg>
<status status="PASS" starttime="20230801 21:43:21.794" endtime="20230801 21:43:21.794"/>
</kw>
<if>
<branch type="IF" condition="${count} &gt; 0">
<kw name="Wait Until Element Is Not Exist" library="common">
<arg>${element}</arg>
<status status="NOT RUN" starttime="20230801 21:43:21.809" endtime="20230801 21:43:21.809"/>
</kw>
<status status="NOT RUN" starttime="20230801 21:43:21.794" endtime="20230801 21:43:21.809"/>
</branch>
<status status="PASS" starttime="20230801 21:43:21.794" endtime="20230801 21:43:21.809"/>
</if>
<status status="PASS" starttime="20230801 21:43:21.794" endtime="20230801 21:43:21.809"/>
</kw>
<kw name="Sleep" library="BuiltIn">
<arg>${SHOULD_TIMEOUT}</arg>
<doc>Pauses the test executed for the given time.</doc>
<msg timestamp="20230801 21:43:21.910" level="INFO">Slept 100 milliseconds</msg>
<status status="PASS" starttime="20230801 21:43:21.809" endtime="20230801 21:43:21.910"/>
</kw>
<status status="PASS" starttime="20230801 21:43:09.245" endtime="20230801 21:43:21.911"/>
</kw>
<kw name="And Select the user &quot;Team has been deleted&quot; to edit" library="common" sourcename="Select the ${text} &quot;${name}&quot; to edit">
<kw name="Wait Until Element Spin" library="common">
<kw name="Set Variable" library="BuiltIn">
<var>${element}</var>
<arg>xpath=//*[contains(@class, "ant-spin-spinning")]</arg>
<doc>Returns the given values which can then be assigned to a variables.</doc>
<msg timestamp="20230801 21:43:21.913" level="INFO">${element} = xpath=//*[contains(@class, "ant-spin-spinning")]</msg>
<status status="PASS" starttime="20230801 21:43:21.913" endtime="20230801 21:43:21.913"/>
</kw>
<kw name="Get Element Count" library="Browser">
<var>${count}</var>
<arg>${element}</arg>
<tag>Assertion</tag>
<tag>Getter</tag>
<tag>PageContent</tag>
<doc>Returns the count of elements found with ``selector``.</doc>
<msg timestamp="20230801 21:43:21.926" level="INFO">${count} = 0</msg>
<status status="PASS" starttime="20230801 21:43:21.913" endtime="20230801 21:43:21.926"/>
</kw>
<if>
<branch type="IF" condition="${count} &gt; 0">
<kw name="Wait Until Element Is Not Exist" library="common">
<arg>${element}</arg>
<status status="NOT RUN" starttime="20230801 21:43:21.928" endtime="20230801 21:43:21.928"/>
</kw>
<status status="NOT RUN" starttime="20230801 21:43:21.927" endtime="20230801 21:43:21.928"/>
</branch>
<status status="PASS" starttime="20230801 21:43:21.926" endtime="20230801 21:43:21.929"/>
</if>
<status status="PASS" starttime="20230801 21:43:21.913" endtime="20230801 21:43:21.929"/>
</kw>
<kw name="Get Elements" library="Browser">
<var>${elements}</var>
<arg>xpath=//button[@title="Sửa"]</arg>
<tag>Getter</tag>
<tag>PageContent</tag>
<doc>Returns a reference to Playwright [https://playwright.dev/docs/api/class-locator|Locator]
for all matched elements by ``selector``.</doc>
<msg timestamp="20230801 21:43:21.963" level="INFO">Found 3 Locators successfully.</msg>
<msg timestamp="20230801 21:43:21.965" level="INFO">${elements} = ['element=55dbf05a-7bf0-40c5-b13c-4780dbc4c117', 'element=502676c5-58d3-453b-a6ce-d8f1b0c1bdff', 'element=84609652-f1e6-4753-a65b-4dd6bbe87440']</msg>
<status status="PASS" starttime="20230801 21:43:21.929" endtime="20230801 21:43:21.965"/>
</kw>
<kw name="Get Length" library="BuiltIn">
<var>${elementCount}</var>
<arg>${elements}</arg>
<doc>Returns and logs the length of the given item as an integer.</doc>
<msg timestamp="20230801 21:43:21.966" level="INFO">Length is 3</msg>
<msg timestamp="20230801 21:43:21.966" level="INFO">${elementCount} = 3</msg>
<status status="PASS" starttime="20230801 21:43:21.965" endtime="20230801 21:43:21.966"/>
</kw>
<if>
<branch type="IF" condition="'${name}' == 'Team has been deleted'">
<kw name="Evaluate" library="BuiltIn">
<var>${randomIndex}</var>
<arg>${elementCount}-2</arg>
<doc>Evaluates the given expression in Python and returns the result.</doc>
<msg timestamp="20230801 21:43:21.969" level="INFO">${randomIndex} = 1</msg>
<status status="PASS" starttime="20230801 21:43:21.968" endtime="20230801 21:43:21.969"/>
</kw>
<status status="PASS" starttime="20230801 21:43:21.967" endtime="20230801 21:43:21.969"/>
</branch>
<branch type="ELSE IF" condition="'${name}' == 'Còn những yêu cầu nghỉ cần duyệt'">
<kw name="Evaluate" library="BuiltIn">
<var>${randomIndex}</var>
<arg>${elementCount}-3</arg>
<doc>Evaluates the given expression in Python and returns the result.</doc>
<status status="NOT RUN" starttime="20230801 21:43:21.970" endtime="20230801 21:43:21.970"/>
</kw>
<status status="NOT RUN" starttime="20230801 21:43:21.970" endtime="20230801 21:43:21.970"/>
</branch>
<branch type="ELSE IF" condition="'${name}'=='valid'">
<kw name="Evaluate" library="BuiltIn">
<var>${randomIndex}</var>
<arg>${elementCount}-${elementCount}</arg>
<doc>Evaluates the given expression in Python and returns the result.</doc>
<status status="NOT RUN" starttime="20230801 21:43:21.970" endtime="20230801 21:43:21.970"/>
</kw>
<status status="NOT RUN" starttime="20230801 21:43:21.970" endtime="20230801 21:43:21.970"/>
</branch>
<status status="PASS" starttime="20230801 21:43:21.967" endtime="20230801 21:43:21.970"/>
</if>
<kw name="Click" library="Browser">
<arg>${elements}[${randomIndex}]</arg>
<tag>PageContent</tag>
<tag>Setter</tag>
<doc>Simulates mouse click on the element found by ``selector``.</doc>
<status status="PASS" starttime="20230801 21:43:21.975" endtime="20230801 21:43:22.159"/>
</kw>
<kw name="Wait Until Element Spin" library="common">
<kw name="Set Variable" library="BuiltIn">
<var>${element}</var>
<arg>xpath=//*[contains(@class, "ant-spin-spinning")]</arg>
<doc>Returns the given values which can then be assigned to a variables.</doc>
<msg timestamp="20230801 21:43:22.159" level="INFO">${element} = xpath=//*[contains(@class, "ant-spin-spinning")]</msg>
<status status="PASS" starttime="20230801 21:43:22.159" endtime="20230801 21:43:22.159"/>
</kw>
<kw name="Get Element Count" library="Browser">
<var>${count}</var>
<arg>${element}</arg>
<tag>Assertion</tag>
<tag>Getter</tag>
<tag>PageContent</tag>
<doc>Returns the count of elements found with ``selector``.</doc>
<msg timestamp="20230801 21:43:22.177" level="INFO">${count} = 1</msg>
<status status="PASS" starttime="20230801 21:43:22.159" endtime="20230801 21:43:22.177"/>
</kw>
<if>
<branch type="IF" condition="${count} &gt; 0">
<kw name="Wait Until Element Is Not Exist" library="common">
<arg>${element}</arg>
<kw name="Wait For Elements State" library="Browser">
<arg>${locator}</arg>
<arg>detached</arg>
<arg>${timeout}</arg>
<arg>${message}</arg>
<tag>PageContent</tag>
<tag>Wait</tag>
<doc>Waits for the element found by ``selector`` to satisfy state option.</doc>
<msg timestamp="20230801 21:43:22.686" level="INFO">Waited for Element with selector xpath=//*[contains(@class, "ant-spin-spinning")] at state detached</msg>
<status status="PASS" starttime="20230801 21:43:22.177" endtime="20230801 21:43:22.686"/>
</kw>
<status status="PASS" starttime="20230801 21:43:22.177" endtime="20230801 21:43:22.687"/>
</kw>
<status status="PASS" starttime="20230801 21:43:22.177" endtime="20230801 21:43:22.687"/>
</branch>
<status status="PASS" starttime="20230801 21:43:22.177" endtime="20230801 21:43:22.687"/>
</if>
<status status="PASS" starttime="20230801 21:43:22.159" endtime="20230801 21:43:22.688"/>
</kw>
<kw name="Wait Until Element Spin" library="common">
<kw name="Set Variable" library="BuiltIn">
<var>${element}</var>
<arg>xpath=//*[contains(@class, "ant-spin-spinning")]</arg>
<doc>Returns the given values which can then be assigned to a variables.</doc>
<msg timestamp="20230801 21:43:22.688" level="INFO">${element} = xpath=//*[contains(@class, "ant-spin-spinning")]</msg>
<status status="PASS" starttime="20230801 21:43:22.688" endtime="20230801 21:43:22.688"/>
</kw>
<kw name="Get Element Count" library="Browser">
<var>${count}</var>
<arg>${element}</arg>
<tag>Assertion</tag>
<tag>Getter</tag>
<tag>PageContent</tag>
<doc>Returns the count of elements found with ``selector``.</doc>
<msg timestamp="20230801 21:43:22.756" level="INFO">${count} = 1</msg>
<status status="PASS" starttime="20230801 21:43:22.688" endtime="20230801 21:43:22.756"/>
</kw>
<if>
<branch type="IF" condition="${count} &gt; 0">
<kw name="Wait Until Element Is Not Exist" library="common">
<arg>${element}</arg>
<kw name="Wait For Elements State" library="Browser">
<arg>${locator}</arg>
<arg>detached</arg>
<arg>${timeout}</arg>
<arg>${message}</arg>
<tag>PageContent</tag>
<tag>Wait</tag>
<doc>Waits for the element found by ``selector`` to satisfy state option.</doc>
<msg timestamp="20230801 21:43:23.882" level="INFO">Waited for Element with selector xpath=//*[contains(@class, "ant-spin-spinning")] at state detached</msg>
<status status="PASS" starttime="20230801 21:43:22.756" endtime="20230801 21:43:23.882"/>
</kw>
<status status="PASS" starttime="20230801 21:43:22.756" endtime="20230801 21:43:23.882"/>
</kw>
<status status="PASS" starttime="20230801 21:43:22.756" endtime="20230801 21:43:23.882"/>
</branch>
<status status="PASS" starttime="20230801 21:43:22.756" endtime="20230801 21:43:23.882"/>
</if>
<status status="PASS" starttime="20230801 21:43:22.688" endtime="20230801 21:43:23.882"/>
</kw>
<status status="PASS" starttime="20230801 21:43:21.913" endtime="20230801 21:43:23.882"/>
</kw>
<kw name="And Enter &quot;leave date valid&quot; in &quot;Ngày nghỉ&quot; with &quot;_RANDOM_&quot;" library="common" sourcename="Enter &quot;${type}&quot; in &quot;${name}&quot; with &quot;${text}&quot;">
<kw name="Get Random Text" library="common">
<var>${text}</var>
<arg>${type}</arg>
<arg>${text}</arg>
<kw name="Set Variable" library="BuiltIn">
<var>${symbol}</var>
<arg>_RANDOM_</arg>
<doc>Returns the given values which can then be assigned to a variables.</doc>
<msg timestamp="20230801 21:43:23.882" level="INFO">${symbol} = _RANDOM_</msg>
<status status="PASS" starttime="20230801 21:43:23.882" endtime="20230801 21:43:23.882"/>
</kw>
<kw name="Set Variable" library="BuiltIn">
<var>${new_text}</var>
<doc>Returns the given values which can then be assigned to a variables.</doc>
<msg timestamp="20230801 21:43:23.897" level="INFO">${new_text} = </msg>
<status status="PASS" starttime="20230801 21:43:23.882" endtime="20230801 21:43:23.897"/>
</kw>
<kw name="Get Regexp Matches" library="String">
<var>${containsS}</var>
<arg>${text}</arg>
<arg>_@(.+)@_</arg>
<arg>1</arg>
<doc>Returns a list of all non-overlapping matches in the given string.</doc>
<msg timestamp="20230801 21:43:23.897" level="INFO">${containsS} = []</msg>
<status status="PASS" starttime="20230801 21:43:23.897" endtime="20230801 21:43:23.897"/>
</kw>
<kw name="Get Length" library="BuiltIn">
<var>${cntS}</var>
<arg>${containsS}</arg>
<doc>Returns and logs the length of the given item as an integer.</doc>
<msg timestamp="20230801 21:43:23.897" level="INFO">Length is 0</msg>
<msg timestamp="20230801 21:43:23.897" level="INFO">${cntS} = 0</msg>
<status status="PASS" starttime="20230801 21:43:23.897" endtime="20230801 21:43:23.897"/>
</kw>
<kw name="Get Regexp Matches" library="String">
<var>${contains}</var>
<arg>${text}</arg>
<arg>${symbol}</arg>
<doc>Returns a list of all non-overlapping matches in the given string.</doc>
<msg timestamp="20230801 21:43:23.897" level="INFO">${contains} = ['_RANDOM_']</msg>
<status status="PASS" starttime="20230801 21:43:23.897" endtime="20230801 21:43:23.897"/>
</kw>
<kw name="Get Length" library="BuiltIn">
<var>${cnt}</var>
<arg>${contains}</arg>
<doc>Returns and logs the length of the given item as an integer.</doc>
<msg timestamp="20230801 21:43:23.897" level="INFO">Length is 1</msg>
<msg timestamp="20230801 21:43:23.897" level="INFO">${cnt} = 1</msg>
<status status="PASS" starttime="20230801 21:43:23.897" endtime="20230801 21:43:23.897"/>
</kw>
<if>
<branch type="IF" condition="${cntS} &gt; 0">
<kw name="Set Variable" library="BuiltIn">
<var>${new_text}</var>
<arg>${STATE["${containsS[0]}"]}</arg>
<doc>Returns the given values which can then be assigned to a variables.</doc>
<status status="NOT RUN" starttime="20230801 21:43:23.897" endtime="20230801 21:43:23.897"/>
</kw>
<kw name="Set Variable" library="BuiltIn">
<var>${symbol}</var>
<arg>_@${containsS[0]}@_</arg>
<doc>Returns the given values which can then be assigned to a variables.</doc>
<status status="NOT RUN" starttime="20230801 21:43:23.897" endtime="20230801 21:43:23.897"/>
</kw>
<status status="NOT RUN" starttime="20230801 21:43:23.897" endtime="20230801 21:43:23.897"/>
</branch>
<branch type="ELSE IF" condition="${cnt} &gt; 0 and '${type}' == 'test name'">
<kw name="Sentence" library="FakerLibrary">
<var>${random}</var>
<arg>nb_words=3</arg>
<doc>Generate a sentence.</doc>
<status status="NOT RUN" starttime="20230801 21:43:23.897" endtime="20230801 21:43:23.897"/>
</kw>
<kw name="Split String" library="String">
<var>${words}</var>
<arg>${TEST NAME}</arg>
<arg>${SPACE}</arg>
<doc>Splits the ``string`` using ``separator`` as a delimiter string.</doc>
<status status="NOT RUN" starttime="20230801 21:43:23.897" endtime="20230801 21:43:23.897"/>
</kw>
<kw name="Set Variable" library="BuiltIn">
<var>${new_text}</var>
<arg>${words[0]} ${random}</arg>
<doc>Returns the given values which can then be assigned to a variables.</doc>
<status status="NOT RUN" starttime="20230801 21:43:23.897" endtime="20230801 21:43:23.897"/>
</kw>
<status status="NOT RUN" starttime="20230801 21:43:23.897" endtime="20230801 21:43:23.897"/>
</branch>
<branch type="ELSE IF" condition="${cnt} &gt; 0 and '${type}' == 'number'">
<kw name="Random Int" library="FakerLibrary">
<var>${new_text}</var>
<arg>min=1000000000000</arg>
<arg>max=9999999999999</arg>
<doc>Generate a random integer between two integers ``min`` and ``max`` inclusive
while observing the provided ``step`` value.</doc>
<status status="NOT RUN" starttime="20230801 21:43:23.897" endtime="20230801 21:43:23.897"/>
</kw>
<kw name="Convert To String" library="BuiltIn">
<var>${new_text}</var>
<arg>${new_text}</arg>
<doc>Converts the given item to a Unicode string.</doc>
<status status="NOT RUN" starttime="20230801 21:43:23.913" endtime="20230801 21:43:23.913"/>
</kw>
<status status="NOT RUN" starttime="20230801 21:43:23.897" endtime="20230801 21:43:23.913"/>
</branch>
<branch type="ELSE IF" condition="${cnt} &gt; 0 and '${type}' == 'order number'">
<kw name="Random Int" library="FakerLibrary">
<var>${new_text}</var>
<arg>min=0</arg>
<arg>max=999999999</arg>
<doc>Generate a random integer between two integers ``min`` and ``max`` inclusive
while observing the provided ``step`` value.</doc>
<status status="NOT RUN" starttime="20230801 21:43:23.913" endtime="20230801 21:43:23.915"/>
</kw>
<kw name="Convert To String" library="BuiltIn">
<var>${new_text}</var>
<arg>${new_text}</arg>
<doc>Converts the given item to a Unicode string.</doc>
<status status="NOT RUN" starttime="20230801 21:43:23.915" endtime="20230801 21:43:23.915"/>
</kw>
<status status="NOT RUN" starttime="20230801 21:43:23.913" endtime="20230801 21:43:23.916"/>
</branch>
<branch type="ELSE IF" condition="${cnt} &gt; 0 and '${type}' == 'leave date valid'">
<kw name="Random Int" library="FakerLibrary">
<var>${new_text}</var>
<arg>min=0</arg>
<arg>max=16</arg>
<doc>Generate a random integer between two integers ``min`` and ``max`` inclusive
while observing the provided ``step`` value.</doc>
<msg timestamp="20230801 21:43:23.918" level="INFO">${new_text} = 12</msg>
<status status="PASS" starttime="20230801 21:43:23.917" endtime="20230801 21:43:23.918"/>
</kw>
<kw name="Convert To String" library="BuiltIn">
<var>${new_text}</var>
<arg>${new_text}</arg>
<doc>Converts the given item to a Unicode string.</doc>
<msg timestamp="20230801 21:43:23.919" level="INFO">${new_text} = 12</msg>
<status status="PASS" starttime="20230801 21:43:23.918" endtime="20230801 21:43:23.919"/>
</kw>
<status status="PASS" starttime="20230801 21:43:23.916" endtime="20230801 21:43:23.919"/>
</branch>
<branch type="ELSE IF" condition="${cnt} &gt; 0 and '${type}' == 'leave date invalid'">
<kw name="Random Int" library="FakerLibrary">
<var>${new_text}</var>
<arg>min=17</arg>
<arg>max=99</arg>
<doc>Generate a random integer between two integers ``min`` and ``max`` inclusive
while observing the provided ``step`` value.</doc>
<status status="NOT RUN" starttime="20230801 21:43:23.920" endtime="20230801 21:43:23.920"/>
</kw>
<kw name="Convert To String" library="BuiltIn">
<var>${new_text}</var>
<arg>${new_text}</arg>
<doc>Converts the given item to a Unicode string.</doc>
<status status="NOT RUN" starttime="20230801 21:43:23.921" endtime="20230801 21:43:23.921"/>
</kw>
<status status="NOT RUN" starttime="20230801 21:43:23.920" endtime="20230801 21:43:23.921"/>
</branch>
<branch type="ELSE IF" condition="${cnt} &gt; 0 and '${type}' == 'percentage'">
<kw name="Random Int" library="FakerLibrary">
<var>${new_text}</var>
<arg>max=100</arg>
<doc>Generate a random integer between two integers ``min`` and ``max`` inclusive
while observing the provided ``step`` value.</doc>
<status status="NOT RUN" starttime="20230801 21:43:23.922" endtime="20230801 21:43:23.922"/>
</kw>
<kw name="Convert To String" library="BuiltIn">
<var>${new_text}</var>
<arg>${new_text}</arg>
<doc>Converts the given item to a Unicode string.</doc>
<status status="NOT RUN" starttime="20230801 21:43:23.923" endtime="20230801 21:43:23.923"/>
</kw>
<status status="NOT RUN" starttime="20230801 21:43:23.921" endtime="20230801 21:43:23.923"/>
</branch>
<branch type="ELSE IF" condition="${cnt} &gt; 0 and '${type}' == 'paragraph'">
<kw name="Paragraph" library="FakerLibrary">
<var>${new_text}</var>
<doc>Generate a paragraph.</doc>
<status status="NOT RUN" starttime="20230801 21:43:23.924" endtime="20230801 21:43:23.924"/>
</kw>
<status status="NOT RUN" starttime="20230801 21:43:23.923" endtime="20230801 21:43:23.925"/>
</branch>
<branch type="ELSE IF" condition="${cnt} &gt; 0 and '${type}' == 'email'">
<kw name="Email" library="FakerLibrary">
<var>${new_text}</var>
<status status="NOT RUN" starttime="20230801 21:43:23.925" endtime="20230801 21:43:23.926"/>
</kw>
<status status="NOT RUN" starttime="20230801 21:43:23.925" endtime="20230801 21:43:23.926"/>
</branch>
<branch type="ELSE IF" condition="${cnt} &gt; 0 and '${type}' == 'phone'">
<kw name="Random Int" library="FakerLibrary">
<var>${new_text}</var>
<arg>min=55555555</arg>
<arg>max=999999999999</arg>
<doc>Generate a random integer between two integers ``min`` and ``max`` inclusive
while observing the provided ``step`` value.</doc>
<status status="NOT RUN" starttime="20230801 21:43:23.927" endtime="20230801 21:43:23.928"/>
</kw>
<kw name="Convert To String" library="BuiltIn">
<var>${new_text}</var>
<arg>${new_text}</arg>
<doc>Converts the given item to a Unicode string.</doc>
<status status="NOT RUN" starttime="20230801 21:43:23.929" endtime="20230801 21:43:23.929"/>
</kw>
<status status="NOT RUN" starttime="20230801 21:43:23.926" endtime="20230801 21:43:23.930"/>
</branch>
<branch type="ELSE IF" condition="${cnt} &gt; 0 and '${type}' == 'color'">
<kw name="Safe Hex Color" library="FakerLibrary">
<var>${new_text}</var>
<doc>Generate a web-safe color formatted as a hex triplet.</doc>
<status status="NOT RUN" starttime="20230801 21:43:23.930" endtime="20230801 21:43:23.931"/>
</kw>
<status status="NOT RUN" starttime="20230801 21:43:23.930" endtime="20230801 21:43:23.931"/>
</branch>
<branch type="ELSE IF" condition="${cnt} &gt; 0 and '${type}' == 'date'">
<kw name="Date" library="FakerLibrary">
<var>${new_text}</var>
<arg>pattern=%d-%m-%Y</arg>
<doc>Get a date string between January 1, 1970 and now.</doc>
<status status="NOT RUN" starttime="20230801 21:43:23.932" endtime="20230801 21:43:23.932"/>
</kw>
<status status="NOT RUN" starttime="20230801 21:43:23.931" endtime="20230801 21:43:23.933"/>
</branch>
<branch type="ELSE IF" condition="${cnt} &gt; 0 and '${type}' == 'word'">
<kw name="Sentence" library="FakerLibrary">
<var>${new_text}</var>
<arg>nb_words=2</arg>
<doc>Generate a sentence.</doc>
<status status="NOT RUN" starttime="20230801 21:43:23.934" endtime="20230801 21:43:23.934"/>
</kw>
<status status="NOT RUN" starttime="20230801 21:43:23.933" endtime="20230801 21:43:23.934"/>
</branch>
<branch type="ELSE IF" condition="${cnt} &gt; 0">
<kw name="Sentence" library="FakerLibrary">
<var>${new_text}</var>
<doc>Generate a sentence.</doc>
<status status="NOT RUN" starttime="20230801 21:43:23.935" endtime="20230801 21:43:23.935"/>
</kw>
<status status="NOT RUN" starttime="20230801 21:43:23.935" endtime="20230801 21:43:23.936"/>
</branch>
<status status="PASS" starttime="20230801 21:43:23.897" endtime="20230801 21:43:23.936"/>
</if>
<kw name="Get Length" library="BuiltIn">
<var>${cnt}</var>
<arg>${text}</arg>
<doc>Returns and logs the length of the given item as an integer.</doc>
<msg timestamp="20230801 21:43:23.937" level="INFO">Length is 8</msg>
<msg timestamp="20230801 21:43:23.938" level="INFO">${cnt} = 8</msg>
<status status="PASS" starttime="20230801 21:43:23.937" endtime="20230801 21:43:23.938"/>
</kw>
<if>
<branch type="IF" condition="${cnt} &gt; 0">
<kw name="Replace String" library="String">
<var>${text}</var>
<arg>${text}</arg>
<arg>${symbol}</arg>
<arg>${new_text}</arg>
<doc>Replaces ``search_for`` in the given ``string`` with ``replace_with``.</doc>
<msg timestamp="20230801 21:43:23.940" level="INFO">${text} = 12</msg>
<status status="PASS" starttime="20230801 21:43:23.939" endtime="20230801 21:43:23.941"/>
</kw>
<status status="PASS" starttime="20230801 21:43:23.938" endtime="20230801 21:43:23.941"/>
</branch>
<status status="PASS" starttime="20230801 21:43:23.938" endtime="20230801 21:43:23.941"/>
</if>
<msg timestamp="20230801 21:43:23.942" level="INFO">${text} = 12</msg>
<status status="PASS" starttime="20230801 21:43:23.882" endtime="20230801 21:43:23.942"/>
</kw>
<kw name="Get Element Form Item By Name" library="common">
<var>${element}</var>
<arg>${name}</arg>
<arg>//input[contains(@class, "ant-input")]</arg>
<msg timestamp="20230801 21:43:23.945" level="INFO">${element} = xpath=//*[contains(@class, "ant-form-item-label")]/label[text()="Ngày nghỉ"]/../../*[contains(@class, "ant-form-item")]//input[contains(@class, "ant-input")]</msg>
<status status="PASS" starttime="20230801 21:43:23.942" endtime="20230801 21:43:23.945"/>
</kw>
<kw name="Clear Text" library="Browser">
<arg>${element}</arg>
<tag>PageContent</tag>
<tag>Setter</tag>
<doc>Clears the text field found by ``selector``.</doc>
<status status="PASS" starttime="20230801 21:43:23.946" endtime="20230801 21:43:24.001"/>
</kw>
<kw name="Fill Text" library="Browser">
<arg>${element}</arg>
<arg>${text}</arg>
<arg>True</arg>
<tag>PageContent</tag>
<tag>Setter</tag>
<doc>Clears and fills the given ``txt`` into the text field found by ``selector``.</doc>
<msg timestamp="20230801 21:43:24.001" level="INFO">Fills the text '12' in the given field.</msg>
<status status="PASS" starttime="20230801 21:43:24.001" endtime="20230801 21:43:24.053"/>
</kw>
<kw name="Get Length" library="BuiltIn">
<var>${cnt}</var>
<arg>${text}</arg>
<doc>Returns and logs the length of the given item as an integer.</doc>
<msg timestamp="20230801 21:43:24.058" level="INFO">Length is 2</msg>
<msg timestamp="20230801 21:43:24.058" level="INFO">${cnt} = 2</msg>
<status status="PASS" starttime="20230801 21:43:24.053" endtime="20230801 21:43:24.058"/>
</kw>
<if>
<branch type="IF" condition="${cnt} &gt; 0">
<kw name="Set Global Variable" library="BuiltIn">
<arg>${STATE["${name}"]}</arg>
<arg>${text}</arg>
<doc>Makes a variable available globally in all tests and suites.</doc>
<msg timestamp="20230801 21:43:24.062" level="INFO">${STATE["Ngày nghỉ"]} = 12</msg>
<status status="PASS" starttime="20230801 21:43:24.060" endtime="20230801 21:43:24.062"/>
</kw>
<status status="PASS" starttime="20230801 21:43:24.059" endtime="20230801 21:43:24.063"/>
</branch>
<status status="PASS" starttime="20230801 21:43:24.059" endtime="20230801 21:43:24.063"/>
</if>
<status status="PASS" starttime="20230801 21:43:23.882" endtime="20230801 21:43:24.063"/>
</kw>
<kw name="And Click &quot;Lưu lại&quot; button" library="common" sourcename="Click &quot;${text}&quot; button">
<kw name="Click" library="Browser">
<arg>xpath=//button[@title = "${text}"]</arg>
<tag>PageContent</tag>
<tag>Setter</tag>
<doc>Simulates mouse click on the element found by ``selector``.</doc>
<status status="PASS" starttime="20230801 21:43:24.065" endtime="20230801 21:43:24.726"/>
</kw>
<kw name="Click Confirm To Action" library="common">
<kw name="Set Variable" library="BuiltIn">
<var>${element}</var>
<arg>xpath=//*[contains(@class, "ant-popover")]//*[contains(@class, "ant-btn-primary")]</arg>
<doc>Returns the given values which can then be assigned to a variables.</doc>
<msg timestamp="20230801 21:43:24.728" level="INFO">${element} = xpath=//*[contains(@class, "ant-popover")]//*[contains(@class, "ant-btn-primary")]</msg>
<status status="PASS" starttime="20230801 21:43:24.727" endtime="20230801 21:43:24.728"/>
</kw>
<kw name="Get Element Count" library="Browser">
<var>${count}</var>
<arg>${element}</arg>
<tag>Assertion</tag>
<tag>Getter</tag>
<tag>PageContent</tag>
<doc>Returns the count of elements found with ``selector``.</doc>
<msg timestamp="20230801 21:43:24.774" level="INFO">${count} = 0</msg>
<status status="PASS" starttime="20230801 21:43:24.729" endtime="20230801 21:43:24.774"/>
</kw>
<if>
<branch type="IF" condition="${count} &gt; 0">
<kw name="Click" library="Browser">
<arg>${element}</arg>
<tag>PageContent</tag>
<tag>Setter</tag>
<doc>Simulates mouse click on the element found by ``selector``.</doc>
<status status="NOT RUN" starttime="20230801 21:43:24.778" endtime="20230801 21:43:24.779"/>
</kw>
<kw name="Sleep" library="BuiltIn">
<arg>${SHOULD_TIMEOUT}</arg>
<doc>Pauses the test executed for the given time.</doc>
<status status="NOT RUN" starttime="20230801 21:43:24.780" endtime="20230801 21:43:24.781"/>
</kw>
<status status="NOT RUN" starttime="20230801 21:43:24.775" endtime="20230801 21:43:24.781"/>
</branch>
<status status="PASS" starttime="20230801 21:43:24.775" endtime="20230801 21:43:24.781"/>
</if>
<status status="PASS" starttime="20230801 21:43:24.726" endtime="20230801 21:43:24.782"/>
</kw>
<kw name="Scroll By" library="Browser">
<arg>${None}</arg>
<tag>PageContent</tag>
<tag>Setter</tag>
<doc>Scrolls an element or the page relative from current position by the given values.</doc>
<status status="PASS" starttime="20230801 21:43:24.782" endtime="20230801 21:43:24.865"/>
</kw>
<status status="PASS" starttime="20230801 21:43:24.064" endtime="20230801 21:43:24.865"/>
</kw>
<kw name="Then User look message &quot;Internal server error&quot; popup" library="common" sourcename="User look message &quot;${message}&quot; popup">
<kw name="Get Regexp Matches" library="String">
<var>${contains}</var>
<arg>${message}</arg>
<arg>_@(.+)@_</arg>
<arg>1</arg>
<doc>Returns a list of all non-overlapping matches in the given string.</doc>
<msg timestamp="20230801 21:43:24.865" level="INFO">${contains} = []</msg>
<status status="PASS" starttime="20230801 21:43:24.865" endtime="20230801 21:43:24.865"/>
</kw>
<kw name="Get Length" library="BuiltIn">
<var>${cnt}</var>
<arg>${contains}</arg>
<doc>Returns and logs the length of the given item as an integer.</doc>
<msg timestamp="20230801 21:43:24.865" level="INFO">Length is 0</msg>
<msg timestamp="20230801 21:43:24.865" level="INFO">${cnt} = 0</msg>
<status status="PASS" starttime="20230801 21:43:24.865" endtime="20230801 21:43:24.865"/>
</kw>
<if>
<branch type="IF" condition="${cnt} &gt; 0">
<kw name="Replace String" library="String">
<var>${message}</var>
<arg>${message}</arg>
<arg>_@${contains[0]}@_</arg>
<arg>${STATE["${contains[0]}"]}</arg>
<doc>Replaces ``search_for`` in the given ``string`` with ``replace_with``.</doc>
<status status="NOT RUN" starttime="20230801 21:43:24.880" endtime="20230801 21:43:24.880"/>
</kw>
<status status="NOT RUN" starttime="20230801 21:43:24.865" endtime="20230801 21:43:24.880"/>
</branch>
<status status="PASS" starttime="20230801 21:43:24.865" endtime="20230801 21:43:24.880"/>
</if>
<kw name="Element Text Should Be" library="common">
<arg>id=swal2-html-container</arg>
<arg>${message}</arg>
<kw name="Get Text" library="Browser">
<arg>${locator}</arg>
<arg>equal</arg>
<arg>${expected}</arg>
<arg>${message}</arg>
<tag>Assertion</tag>
<tag>Getter</tag>
<tag>PageContent</tag>
<doc>Returns text attribute of the element found by ``selector``.</doc>
<msg timestamp="20230801 21:43:27.274" level="INFO">Text: 'Internal server error'</msg>
<status status="PASS" starttime="20230801 21:43:24.888" endtime="20230801 21:43:27.274"/>
</kw>
<status status="PASS" starttime="20230801 21:43:24.880" endtime="20230801 21:43:27.274"/>
</kw>
<kw name="Set Variable" library="BuiltIn">
<var>${element}</var>
<arg>xpath=//*[contains(@class, "swal2-confirm")]</arg>
<doc>Returns the given values which can then be assigned to a variables.</doc>
<msg timestamp="20230801 21:43:27.288" level="INFO">${element} = xpath=//*[contains(@class, "swal2-confirm")]</msg>
<status status="PASS" starttime="20230801 21:43:27.274" endtime="20230801 21:43:27.288"/>
</kw>
<kw name="Run Keyword And Return Status" library="BuiltIn">
<var>${passed}</var>
<arg>Element Should Be Visible</arg>
<arg>${element}</arg>
<doc>Runs the given keyword with given arguments and returns the status as a Boolean value.</doc>
<kw name="Element Should Be Visible" library="common">
<arg>${element}</arg>
<kw name="Wait For Elements State" library="Browser">
<arg>${locator}</arg>
<arg>visible</arg>
<arg>${timeout}</arg>
<arg>${message}</arg>
<tag>PageContent</tag>
<tag>Wait</tag>
<doc>Waits for the element found by ``selector`` to satisfy state option.</doc>
<msg timestamp="20230801 21:43:27.862" level="INFO" html="true">&lt;/td&gt;&lt;/tr&gt;&lt;tr&gt;&lt;td colspan="3"&gt;&lt;a href="browser/screenshot/fail-screenshot-2.png" target="_blank"&gt;&lt;img src="browser/screenshot/fail-screenshot-2.png" width="800px"/&gt;&lt;/a&gt;</msg>
[...]
while observing the provided ``step`` value.</doc>
<status status="NOT RUN" starttime="20230801 21:45:21.496" endtime="20230801 21:45:21.496"/>
</kw>
<kw name="Convert To String" library="BuiltIn">
<var>${new_text}</var>
<arg>${new_text}</arg>
<doc>Converts the given item to a Unicode string.</doc>
<status status="NOT RUN" starttime="20230801 21:45:21.497" endtime="20230801 21:45:21.497"/>
</kw>
<status status="NOT RUN" starttime="20230801 21:45:21.495" endtime="20230801 21:45:21.498"/>
</branch>
<branch type="ELSE IF" condition="${cnt} &gt; 0 and '${type}' == 'order number'">
<kw name="Random Int" library="FakerLibrary">
<var>${new_text}</var>
<arg>min=0</arg>
<arg>max=999999999</arg>
<doc>Generate a random integer between two integers ``min`` and ``max`` inclusive
while observing the provided ``step`` value.</doc>
<status status="NOT RUN" starttime="20230801 21:45:21.499" endtime="20230801 21:45:21.500"/>
</kw>
<kw name="Convert To String" library="BuiltIn">
<var>${new_text}</var>
<arg>${new_text}</arg>
<doc>Converts the given item to a Unicode string.</doc>
<status status="NOT RUN" starttime="20230801 21:45:21.500" endtime="20230801 21:45:21.500"/>
</kw>
<status status="NOT RUN" starttime="20230801 21:45:21.498" endtime="20230801 21:45:21.501"/>
</branch>
<branch type="ELSE IF" condition="${cnt} &gt; 0 and '${type}' == 'leave date valid'">
<kw name="Random Int" library="FakerLibrary">
<var>${new_text}</var>
<arg>min=0</arg>
<arg>max=16</arg>
<doc>Generate a random integer between two integers ``min`` and ``max`` inclusive
while observing the provided ``step`` value.</doc>
<msg timestamp="20230801 21:45:21.503" level="INFO">${new_text} = 11</msg>
<status status="PASS" starttime="20230801 21:45:21.502" endtime="20230801 21:45:21.503"/>
</kw>
<kw name="Convert To String" library="BuiltIn">
<var>${new_text}</var>
<arg>${new_text}</arg>
<doc>Converts the given item to a Unicode string.</doc>
<msg timestamp="20230801 21:45:21.504" level="INFO">${new_text} = 11</msg>
<status status="PASS" starttime="20230801 21:45:21.503" endtime="20230801 21:45:21.504"/>
</kw>
<status status="PASS" starttime="20230801 21:45:21.501" endtime="20230801 21:45:21.504"/>
</branch>
<branch type="ELSE IF" condition="${cnt} &gt; 0 and '${type}' == 'leave date invalid'">
<kw name="Random Int" library="FakerLibrary">
<var>${new_text}</var>
<arg>min=17</arg>
<arg>max=99</arg>
<doc>Generate a random integer between two integers ``min`` and ``max`` inclusive
while observing the provided ``step`` value.</doc>
<status status="NOT RUN" starttime="20230801 21:45:21.506" endtime="20230801 21:45:21.507"/>
</kw>
<kw name="Convert To String" library="BuiltIn">
<var>${new_text}</var>
<arg>${new_text}</arg>
<doc>Converts the given item to a Unicode string.</doc>
<status status="NOT RUN" starttime="20230801 21:45:21.508" endtime="20230801 21:45:21.509"/>
</kw>
<status status="NOT RUN" starttime="20230801 21:45:21.505" endtime="20230801 21:45:21.510"/>
</branch>
<branch type="ELSE IF" condition="${cnt} &gt; 0 and '${type}' == 'percentage'">
<kw name="Random Int" library="FakerLibrary">
<var>${new_text}</var>
<arg>max=100</arg>
<doc>Generate a random integer between two integers ``min`` and ``max`` inclusive
while observing the provided ``step`` value.</doc>
<status status="NOT RUN" starttime="20230801 21:45:21.510" endtime="20230801 21:45:21.511"/>
</kw>
<kw name="Convert To String" library="BuiltIn">
<var>${new_text}</var>
<arg>${new_text}</arg>
<doc>Converts the given item to a Unicode string.</doc>
<status status="NOT RUN" starttime="20230801 21:45:21.511" endtime="20230801 21:45:21.512"/>
</kw>
<status status="NOT RUN" starttime="20230801 21:45:21.510" endtime="20230801 21:45:21.512"/>
</branch>
<branch type="ELSE IF" condition="${cnt} &gt; 0 and '${type}' == 'paragraph'">
<kw name="Paragraph" library="FakerLibrary">
<var>${new_text}</var>
<doc>Generate a paragraph.</doc>
<status status="NOT RUN" starttime="20230801 21:45:21.513" endtime="20230801 21:45:21.513"/>
</kw>
<status status="NOT RUN" starttime="20230801 21:45:21.512" endtime="20230801 21:45:21.513"/>
</branch>
<branch type="ELSE IF" condition="${cnt} &gt; 0 and '${type}' == 'email'">
<kw name="Email" library="FakerLibrary">
<var>${new_text}</var>
<status status="NOT RUN" starttime="20230801 21:45:21.514" endtime="20230801 21:45:21.514"/>
</kw>
<status status="NOT RUN" starttime="20230801 21:45:21.513" endtime="20230801 21:45:21.514"/>
</branch>
<branch type="ELSE IF" condition="${cnt} &gt; 0 and '${type}' == 'phone'">
<kw name="Random Int" library="FakerLibrary">
<var>${new_text}</var>
<arg>min=55555555</arg>
<arg>max=999999999999</arg>
<doc>Generate a random integer between two integers ``min`` and ``max`` inclusive
while observing the provided ``step`` value.</doc>
<status status="NOT RUN" starttime="20230801 21:45:21.515" endtime="20230801 21:45:21.515"/>
</kw>
<kw name="Convert To String" library="BuiltIn">
<var>${new_text}</var>
<arg>${new_text}</arg>
<doc>Converts the given item to a Unicode string.</doc>
<status status="NOT RUN" starttime="20230801 21:45:21.518" endtime="20230801 21:45:21.519"/>
</kw>
<status status="NOT RUN" starttime="20230801 21:45:21.515" endtime="20230801 21:45:21.519"/>
</branch>
<branch type="ELSE IF" condition="${cnt} &gt; 0 and '${type}' == 'color'">
<kw name="Safe Hex Color" library="FakerLibrary">
<var>${new_text}</var>
<doc>Generate a web-safe color formatted as a hex triplet.</doc>
<status status="NOT RUN" starttime="20230801 21:45:21.521" endtime="20230801 21:45:21.521"/>
</kw>
<status status="NOT RUN" starttime="20230801 21:45:21.520" endtime="20230801 21:45:21.521"/>
</branch>
<branch type="ELSE IF" condition="${cnt} &gt; 0 and '${type}' == 'date'">
<kw name="Date" library="FakerLibrary">
<var>${new_text}</var>
<arg>pattern=%d-%m-%Y</arg>
<doc>Get a date string between January 1, 1970 and now.</doc>
<status status="NOT RUN" starttime="20230801 21:45:21.522" endtime="20230801 21:45:21.523"/>
</kw>
<status status="NOT RUN" starttime="20230801 21:45:21.522" endtime="20230801 21:45:21.523"/>
</branch>
<branch type="ELSE IF" condition="${cnt} &gt; 0 and '${type}' == 'word'">
<kw name="Sentence" library="FakerLibrary">
<var>${new_text}</var>
<arg>nb_words=2</arg>
<doc>Generate a sentence.</doc>
<status status="NOT RUN" starttime="20230801 21:45:21.524" endtime="20230801 21:45:21.525"/>
</kw>
<status status="NOT RUN" starttime="20230801 21:45:21.523" endtime="20230801 21:45:21.525"/>
</branch>
<branch type="ELSE IF" condition="${cnt} &gt; 0">
<kw name="Sentence" library="FakerLibrary">
<var>${new_text}</var>
<doc>Generate a sentence.</doc>
<status status="NOT RUN" starttime="20230801 21:45:21.526" endtime="20230801 21:45:21.526"/>
</kw>
<status status="NOT RUN" starttime="20230801 21:45:21.525" endtime="20230801 21:45:21.526"/>
</branch>
<status status="PASS" starttime="20230801 21:45:21.488" endtime="20230801 21:45:21.527"/>
</if>
<kw name="Get Length" library="BuiltIn">
<var>${cnt}</var>
<arg>${text}</arg>
<doc>Returns and logs the length of the given item as an integer.</doc>
<msg timestamp="20230801 21:45:21.528" level="INFO">Length is 8</msg>
<msg timestamp="20230801 21:45:21.528" level="INFO">${cnt} = 8</msg>
<status status="PASS" starttime="20230801 21:45:21.527" endtime="20230801 21:45:21.528"/>
</kw>
<if>
<branch type="IF" condition="${cnt} &gt; 0">
<kw name="Replace String" library="String">
<var>${text}</var>
<arg>${text}</arg>
<arg>${symbol}</arg>
<arg>${new_text}</arg>
<doc>Replaces ``search_for`` in the given ``string`` with ``replace_with``.</doc>
<msg timestamp="20230801 21:45:21.531" level="INFO">${text} = 11</msg>
<status status="PASS" starttime="20230801 21:45:21.530" endtime="20230801 21:45:21.531"/>
</kw>
<status status="PASS" starttime="20230801 21:45:21.529" endtime="20230801 21:45:21.531"/>
</branch>
<status status="PASS" starttime="20230801 21:45:21.529" endtime="20230801 21:45:21.532"/>
</if>
<msg timestamp="20230801 21:45:21.533" level="INFO">${text} = 11</msg>
<status status="PASS" starttime="20230801 21:45:21.477" endtime="20230801 21:45:21.533"/>
</kw>
<kw name="Get Element Form Item By Name" library="common">
<var>${element}</var>
<arg>${name}</arg>
<arg>//input[contains(@class, "ant-input")]</arg>
<msg timestamp="20230801 21:45:21.537" level="INFO">${element} = xpath=//*[contains(@class, "ant-form-item-label")]/label[text()="Ngày nghỉ"]/../../*[contains(@class, "ant-form-item")]//input[contains(@class, "ant-input")]</msg>
<status status="PASS" starttime="20230801 21:45:21.534" endtime="20230801 21:45:21.537"/>
</kw>
<kw name="Clear Text" library="Browser">
<arg>${element}</arg>
<tag>PageContent</tag>
<tag>Setter</tag>
<doc>Clears the text field found by ``selector``.</doc>
<status status="PASS" starttime="20230801 21:45:21.538" endtime="20230801 21:45:21.703"/>
</kw>
<kw name="Fill Text" library="Browser">
<arg>${element}</arg>
<arg>${text}</arg>
<arg>True</arg>
<tag>PageContent</tag>
<tag>Setter</tag>
<doc>Clears and fills the given ``txt`` into the text field found by ``selector``.</doc>
<msg timestamp="20230801 21:45:21.704" level="INFO">Fills the text '11' in the given field.</msg>
<status status="PASS" starttime="20230801 21:45:21.703" endtime="20230801 21:45:21.783"/>
</kw>
<kw name="Get Length" library="BuiltIn">
<var>${cnt}</var>
<arg>${text}</arg>
<doc>Returns and logs the length of the given item as an integer.</doc>
<msg timestamp="20230801 21:45:21.784" level="INFO">Length is 2</msg>
<msg timestamp="20230801 21:45:21.784" level="INFO">${cnt} = 2</msg>
<status status="PASS" starttime="20230801 21:45:21.783" endtime="20230801 21:45:21.784"/>
</kw>
<if>
<branch type="IF" condition="${cnt} &gt; 0">
<kw name="Set Global Variable" library="BuiltIn">
<arg>${STATE["${name}"]}</arg>
<arg>${text}</arg>
<doc>Makes a variable available globally in all tests and suites.</doc>
<msg timestamp="20230801 21:45:21.787" level="INFO">${STATE["Ngày nghỉ"]} = 11</msg>
<status status="PASS" starttime="20230801 21:45:21.786" endtime="20230801 21:45:21.787"/>
</kw>
<status status="PASS" starttime="20230801 21:45:21.785" endtime="20230801 21:45:21.788"/>
</branch>
<status status="PASS" starttime="20230801 21:45:21.785" endtime="20230801 21:45:21.788"/>
</if>
<status status="PASS" starttime="20230801 21:45:21.476" endtime="20230801 21:45:21.789"/>
</kw>
<kw name="And Click &quot;Lưu và tạo mới&quot; button" library="common" sourcename="Click &quot;${text}&quot; button">
<kw name="Click" library="Browser">
<arg>xpath=//button[@title = "${text}"]</arg>
<tag>PageContent</tag>
<tag>Setter</tag>
<doc>Simulates mouse click on the element found by ``selector``.</doc>
<status status="PASS" starttime="20230801 21:45:21.791" endtime="20230801 21:45:22.449"/>
</kw>
<kw name="Click Confirm To Action" library="common">
<kw name="Set Variable" library="BuiltIn">
<var>${element}</var>
<arg>xpath=//*[contains(@class, "ant-popover")]//*[contains(@class, "ant-btn-primary")]</arg>
<doc>Returns the given values which can then be assigned to a variables.</doc>
<msg timestamp="20230801 21:45:22.452" level="INFO">${element} = xpath=//*[contains(@class, "ant-popover")]//*[contains(@class, "ant-btn-primary")]</msg>
<status status="PASS" starttime="20230801 21:45:22.451" endtime="20230801 21:45:22.452"/>
</kw>
<kw name="Get Element Count" library="Browser">
<var>${count}</var>
<arg>${element}</arg>
<tag>Assertion</tag>
<tag>Getter</tag>
<tag>PageContent</tag>
<doc>Returns the count of elements found with ``selector``.</doc>
<msg timestamp="20230801 21:45:22.463" level="INFO">${count} = 0</msg>
<status status="PASS" starttime="20230801 21:45:22.452" endtime="20230801 21:45:22.463"/>
</kw>
<if>
<branch type="IF" condition="${count} &gt; 0">
<kw name="Click" library="Browser">
<arg>${element}</arg>
<tag>PageContent</tag>
<tag>Setter</tag>
<doc>Simulates mouse click on the element found by ``selector``.</doc>
<status status="NOT RUN" starttime="20230801 21:45:22.465" endtime="20230801 21:45:22.465"/>
</kw>
<kw name="Sleep" library="BuiltIn">
<arg>${SHOULD_TIMEOUT}</arg>
<doc>Pauses the test executed for the given time.</doc>
<status status="NOT RUN" starttime="20230801 21:45:22.466" endtime="20230801 21:45:22.466"/>
</kw>
<status status="NOT RUN" starttime="20230801 21:45:22.464" endtime="20230801 21:45:22.467"/>
</branch>
<status status="PASS" starttime="20230801 21:45:22.464" endtime="20230801 21:45:22.467"/>
</if>
<status status="PASS" starttime="20230801 21:45:22.450" endtime="20230801 21:45:22.470"/>
</kw>
<kw name="Scroll By" library="Browser">
<arg>${None}</arg>
<tag>PageContent</tag>
<tag>Setter</tag>
<doc>Scrolls an element or the page relative from current position by the given values.</doc>
<status status="PASS" starttime="20230801 21:45:22.471" endtime="20230801 21:45:22.533"/>
</kw>
<status status="PASS" starttime="20230801 21:45:21.790" endtime="20230801 21:45:22.534"/>
</kw>
<kw name="Then User look message &quot;Còn những yêu cầu nghỉ cần duyệt&quot; popup" library="common" sourcename="User look message &quot;${message}&quot; popup">
<kw name="Get Regexp Matches" library="String">
<var>${contains}</var>
<arg>${message}</arg>
<arg>_@(.+)@_</arg>
<arg>1</arg>
<doc>Returns a list of all non-overlapping matches in the given string.</doc>
<msg timestamp="20230801 21:45:22.543" level="INFO">${contains} = []</msg>
<status status="PASS" starttime="20230801 21:45:22.542" endtime="20230801 21:45:22.543"/>
</kw>
<kw name="Get Length" library="BuiltIn">
<var>${cnt}</var>
<arg>${contains}</arg>
<doc>Returns and logs the length of the given item as an integer.</doc>
<msg timestamp="20230801 21:45:22.544" level="INFO">Length is 0</msg>
<msg timestamp="20230801 21:45:22.544" level="INFO">${cnt} = 0</msg>
<status status="PASS" starttime="20230801 21:45:22.544" endtime="20230801 21:45:22.544"/>
</kw>
<if>
<branch type="IF" condition="${cnt} &gt; 0">
<kw name="Replace String" library="String">
<var>${message}</var>
<arg>${message}</arg>
<arg>_@${contains[0]}@_</arg>
<arg>${STATE["${contains[0]}"]}</arg>
<doc>Replaces ``search_for`` in the given ``string`` with ``replace_with``.</doc>
<status status="NOT RUN" starttime="20230801 21:45:22.546" endtime="20230801 21:45:22.546"/>
</kw>
<status status="NOT RUN" starttime="20230801 21:45:22.545" endtime="20230801 21:45:22.546"/>
</branch>
<status status="PASS" starttime="20230801 21:45:22.545" endtime="20230801 21:45:22.546"/>
</if>
<kw name="Element Text Should Be" library="common">
<arg>id=swal2-html-container</arg>
<arg>${message}</arg>
<kw name="Get Text" library="Browser">
<arg>${locator}</arg>
<arg>equal</arg>
<arg>${expected}</arg>
<arg>${message}</arg>
<tag>Assertion</tag>
<tag>Getter</tag>
<tag>PageContent</tag>
<doc>Returns text attribute of the element found by ``selector``.</doc>
<msg timestamp="20230801 21:45:23.947" level="INFO">Text: 'Còn những yêu cầu nghỉ cần duyệt'</msg>
<status status="PASS" starttime="20230801 21:45:22.555" endtime="20230801 21:45:23.947"/>
</kw>
<status status="PASS" starttime="20230801 21:45:22.547" endtime="20230801 21:45:23.947"/>
</kw>
<kw name="Set Variable" library="BuiltIn">
<var>${element}</var>
<arg>xpath=//*[contains(@class, "swal2-confirm")]</arg>
<doc>Returns the given values which can then be assigned to a variables.</doc>
<msg timestamp="20230801 21:45:23.950" level="INFO">${element} = xpath=//*[contains(@class, "swal2-confirm")]</msg>
<status status="PASS" starttime="20230801 21:45:23.948" endtime="20230801 21:45:23.950"/>
</kw>
<kw name="Run Keyword And Return Status" library="BuiltIn">
<var>${passed}</var>
<arg>Element Should Be Visible</arg>
<arg>${element}</arg>
<doc>Runs the given keyword with given arguments and returns the status as a Boolean value.</doc>
<kw name="Element Should Be Visible" library="common">
<arg>${element}</arg>
<kw name="Wait For Elements State" library="Browser">
<arg>${locator}</arg>
<arg>visible</arg>
<arg>${timeout}</arg>
<arg>${message}</arg>
<tag>PageContent</tag>
<tag>Wait</tag>
<doc>Waits for the element found by ``selector`` to satisfy state option.</doc>
<msg timestamp="20230801 21:45:24.455" level="INFO" html="true">&lt;/td&gt;&lt;/tr&gt;&lt;tr&gt;&lt;td colspan="3"&gt;&lt;a href="browser/screenshot/fail-screenshot-8.png" target="_blank"&gt;&lt;img src="browser/screenshot/fail-screenshot-8.png" width="800px"/&gt;&lt;/a&gt;</msg>
<msg timestamp="20230801 21:45:24.455" level="INFO">See also file:///C:/Users/nhats/OneDrive/Desktop/ARI/vite-react-ari/test/playwright-log.txt for additional details.</msg>
<msg timestamp="20230801 21:45:24.456" level="FAIL">TimeoutError: locator.waitFor: Timeout 100ms exceeded.
=========================== logs ===========================
waiting for locator('xpath=//*[contains(@class, "swal2-confirm")]') to be visible
  locator resolved to hidden &lt;button type="button" aria-label="" class="swal2-confirm…&gt;OK&lt;/button&gt;
  locator resolved to hidden &lt;button type="button" aria-label="" class="swal2-confirm…&gt;OK&lt;/button&gt;
  locator resolved to hidden &lt;button type="button" aria-label="" class="swal2-confirm…&gt;OK&lt;/button&gt;
============================================================
Tip: Use "Set Browser Timeout" for increasing the timeout or double check your locator as the targeted element(s) couldn't be found.</msg>
<status status="FAIL" starttime="20230801 21:45:23.959" endtime="20230801 21:45:24.458"/>
</kw>
<status status="FAIL" starttime="20230801 21:45:23.956" endtime="20230801 21:45:24.459"/>
</kw>
<msg timestamp="20230801 21:45:24.459" level="INFO">${passed} = False</msg>
<status status="PASS" starttime="20230801 21:45:23.955" endtime="20230801 21:45:24.459"/>
</kw>
<if>
<branch type="IF" condition="'${passed}' == 'True'">
<kw name="Click" library="Browser">
<arg>${element}</arg>
<tag>PageContent</tag>
<tag>Setter</tag>
<doc>Simulates mouse click on the element found by ``selector``.</doc>
<status status="NOT RUN" starttime="20230801 21:45:24.461" endtime="20230801 21:45:24.461"/>
</kw>
<status status="NOT RUN" starttime="20230801 21:45:24.460" endtime="20230801 21:45:24.461"/>
</branch>
<status status="PASS" starttime="20230801 21:45:24.460" endtime="20230801 21:45:24.461"/>
</if>
<kw name="Wait Until Element Is Not Exist" library="common">
<arg>${element}</arg>
<kw name="Wait For Elements State" library="Browser">
<arg>${locator}</arg>
<arg>detached</arg>
<arg>${timeout}</arg>
<arg>${message}</arg>
<tag>PageContent</tag>
<tag>Wait</tag>
<doc>Waits for the element found by ``selector`` to satisfy state option.</doc>
<msg timestamp="20230801 21:45:30.124" level="INFO">Waited for Element with selector xpath=//*[contains(@class, "swal2-confirm")] at state detached</msg>
<status status="PASS" starttime="20230801 21:45:24.464" endtime="20230801 21:45:30.125"/>
</kw>
<status status="PASS" starttime="20230801 21:45:24.462" endtime="20230801 21:45:30.125"/>
</kw>
<status status="PASS" starttime="20230801 21:45:22.541" endtime="20230801 21:45:30.125"/>
</kw>
<kw name="Tear Down" library="common" type="TEARDOWN">
<kw name="Close Browser" library="Browser">
<arg>ALL</arg>
<tag>BrowserControl</tag>
<tag>Setter</tag>
<doc>Closes the current browser.</doc>
<msg timestamp="20230801 21:45:31.249" level="INFO">Closed all browsers</msg>
<status status="PASS" starttime="20230801 21:45:30.128" endtime="20230801 21:45:31.249"/>
</kw>
<status status="PASS" starttime="20230801 21:45:30.127" endtime="20230801 21:45:31.249"/>
</kw>
<tag>@regression</tag>
<tag>@smoketest</tag>
<status status="PASS" starttime="20230801 21:45:02.728" endtime="20230801 21:45:31.252"/>
</test>
<status status="PASS" starttime="20230801 21:43:01.056" endtime="20230801 21:45:31.275"/>
</suite>
<statistics>
<total>
<stat pass="4" fail="0" skip="0">All Tests</stat>
</total>
<tag>
<stat pass="4" fail="0" skip="0">@regression</stat>
<stat pass="4" fail="0" skip="0">@smoketest</stat>
</tag>
<suite>
<stat pass="4" fail="0" skip="0" id="s1" name="Test">Test</stat>
</suite>
</statistics>
<errors>
</errors>
</robot>
